#
# A fatal error has been detected by the Java Runtime Environment:
#
#  Internal Error (jvmciRuntime.cpp:1609), pid=69, tid=85
#  fatal error: Fatal exception in JVMCI: Error calling jdk.vm.ci.services.Services.serializeSavedProperties
#
# JRE version: OpenJDK Runtime Environment GraalVM CE 22.3.0 (17.0.5+8) (build 17.0.5+8-jvmci-22.3-b08)
# Java VM: OpenJDK 64-Bit Server VM GraalVM CE 22.3.0 (17.0.5+8-jvmci-22.3-b08, mixed mode, sharing, tiered, jvmci, jvmci compiler, compressed oops, compressed class ptrs, parallel gc, linux-amd64)
# Problematic frame:
# V  [libjvm.so+0x972714]  JVMCIRuntime::fatal_exception(JVMCIEnv*, char const*)+0x74
#
# Core dump will be written. Default location: Core dumps may be processed with "/usr/share/apport/apport -p%p -s%s -c%c -d%d -P%P -u%u -g%g -- %E" (or dumping to /home/runner/DreamHouseDay1/core.69)
#
# If you would like to submit a bug report, please visit:
#   https://github.com/oracle/graal/issues
#

---------------  S U M M A R Y ------------

Command Line: -XX:ThreadPriorityPolicy=1 -XX:+UnlockExperimentalVMOptions -XX:+EnableJVMCIProduct -XX:JVMCIThreadsPerNativeLibraryRuntime=1 -XX:-UnlockExperimentalVMOptions -Declipse.application=org.eclipse.jdt.ls.core.id1 -Dosgi.bundles.defaultStartLevel=4 -Declipse.product=org.eclipse.jdt.ls.core.product -Dlog.level=ALL -Xverify:none -XX:+UseParallelGC -XX:GCTimeRatio=4 -XX:AdaptiveSizePolicyWeight=90 -Dsun.zip.disableMemoryMapping=true -Xmx512m -Xms100m /nix/store/q9712qvwdh22a4krw4jz2sjrz07mvjbl-jdt-language-server-1.9.0/share/java/plugins/org.eclipse.equinox.launcher_1.6.400.v20210924-0641.jar --add-modules=ALL-SYSTEM --add-opens java.base/java.util=ALL-UNNAMED --add-opens java.base/java.lang=ALL-UNNAMED -configuration /home/runner/DreamHouseDay1/.cache/jdt-language-server/config -data /home/runner/.cache/jdt-language-server/data/home/runner/DreamHouseDay1

Host: AMD EPYC 7B13, 8 cores, 3G, Ubuntu 20.04.2 LTS
Time: Tue Jun 25 16:15:23 2024 UTC elapsed time: 251.615325 seconds (0d 0h 4m 11s)

---------------  T H R E A D  ---------------

Current thread (0x00007326f00b1ab0):  JavaThread "JVMCI-native CompilerThread0" daemon [_thread_in_vm, id=85, stack(0x00007326f4848000,0x00007326f4a48000)]


Current CompileTask:
JVMCI-native: 251615 7842       4       java.lang.AbstractStringBuilder::append (63 bytes)

Stack: [0x00007326f4848000,0x00007326f4a48000],  sp=0x00007326f4a46380,  free space=2040k
Native frames: (J=compiled Java code, j=interpreted, Vv=VM code, C=native code)
V  [libjvm.so+0x972714]  JVMCIRuntime::fatal_exception(JVMCIEnv*, char const*)+0x74
V  [libjvm.so+0x93e2fe]  JVMCIEnv::copy_saved_properties()+0x14e
V  [libjvm.so+0x9732a9]  JVMCIRuntime::initialize(JVMCIEnv*)+0xb19
V  [libjvm.so+0x9738a2]  JVMCIRuntime::get_HotSpotJVMCIRuntime(JVMCIEnv*)+0x12
V  [libjvm.so+0x9749f2]  JVMCIRuntime::compile_method(JVMCIEnv*, JVMCICompiler*, methodHandle const&, int)+0xd2
V  [libjvm.so+0x5b0d20]  CompileBroker::invoke_compiler_on_method(CompileTask*)+0x1470
V  [libjvm.so+0x5b12e8]  CompileBroker::compiler_thread_loop()+0x528
V  [libjvm.so+0xd82460]  JavaThread::thread_main_inner()+0xd0
V  [libjvm.so+0xd85a40]  Thread::call_run()+0xc0
V  [libjvm.so+0xbdb1e1]  thread_native_entry(Thread*)+0xe1

Register to memory mapping:

RAX=0x00007326f78f9000 points into unknown readable memory: 0x0000000000000058 | 58 00 00 00 00 00 00 00
RBX=0x00007326f89f4398: <offset 0x0000000000ef5398> in /nix/store/gpxl5qgg8kicmcvivwmybwjlpf7wh20l-graalvm17-ce-22.3.0/lib/server/libjvm.so at 0x00007326f7aff000
RCX=0x00007326f89ac1e8: <offset 0x0000000000ead1e8> in /nix/store/gpxl5qgg8kicmcvivwmybwjlpf7wh20l-graalvm17-ce-22.3.0/lib/server/libjvm.so at 0x00007326f7aff000
RDX=0x0000000000000649 is an unknown value
RSP=0x00007326f4a46380 is pointing into the stack for thread: 0x00007326f00b1ab0
RBP=0x00007326f4a463a0 is pointing into the stack for thread: 0x00007326f00b1ab0
RSI=0x00007326f89f4c48: <offset 0x0000000000ef5c48> in /nix/store/gpxl5qgg8kicmcvivwmybwjlpf7wh20l-graalvm17-ce-22.3.0/lib/server/libjvm.so at 0x00007326f7aff000
RDI=0x00000000e0000000 is an oop: [B 
{0x00000000e0000000} - klass: {type array byte}
 - length: 44
R8 =0x00007326f89f4398: <offset 0x0000000000ef5398> in /nix/store/gpxl5qgg8kicmcvivwmybwjlpf7wh20l-graalvm17-ce-22.3.0/lib/server/libjvm.so at 0x00007326f7aff000
R9 =0x00007326f4a46330 is pointing into the stack for thread: 0x00007326f00b1ab0
R10=0x00007326f4a47948 is pointing into the stack for thread: 0x00007326f00b1ab0
R11=0x0000000000000293 is an unknown value
R12=0x0 is NULL
R13=0x00007326f00b1ab0 is a thread
R14=0x00007326f0000b80 points into unknown readable memory: 0x00007326f8c25a38 | 38 5a c2 f8 26 73 00 00
R15=0x00007326f8d33e40: <offset 0x0000000001234e40> in /nix/store/gpxl5qgg8kicmcvivwmybwjlpf7wh20l-graalvm17-ce-22.3.0/lib/server/libjvm.so at 0x00007326f7aff000


Registers:
RAX=0x00007326f78f9000, RBX=0x00007326f89f4398, RCX=0x00007326f89ac1e8, RDX=0x0000000000000649
RSP=0x00007326f4a46380, RBP=0x00007326f4a463a0, RSI=0x00007326f89f4c48, RDI=0x00000000e0000000
R8 =0x00007326f89f4398, R9 =0x00007326f4a46330, R10=0x00007326f4a47948, R11=0x0000000000000293
R12=0x0000000000000000, R13=0x00007326f00b1ab0, R14=0x00007326f0000b80, R15=0x00007326f8d33e40
RIP=0x00007326f8471714, EFLAGS=0x0000000000010206, CSGSFS=0x002b000000000033, ERR=0x0000000000000006
  TRAPNO=0x000000000000000e

Top of Stack: (sp=0x00007326f4a46380)
0x00007326f4a46380:   00007326f4a46940 00007326f00b1ab0
0x00007326f4a46390:   00007326f628a8c8 0000000800c417a0
0x00007326f4a463a0:   00007326f4a46500 00007326f843d2fe
0x00007326f4a463b0:   00007326f4a463e0 00007326f4a46440 

Instructions: (pc=0x00007326f8471714)
0x00007326f8471614:   30 e8 f6 cf e8 ff 4c 89 e7 e8 2e 48 d1 ff 84 db
0x00007326f8471624:   75 2a 4d 85 ed 74 04 4d 8b 6d 00 48 83 c4 08 44
0x00007326f8471634:   89 f9 4c 89 f2 4c 89 ee 5b 4c 89 e7 41 5c 41 5d
0x00007326f8471644:   41 5e 41 5f 5d e9 e2 47 d1 ff 66 90 48 83 c4 08
0x00007326f8471654:   5b 41 5c 41 5d 41 5e 41 5f 5d c3 90 31 d2 be 08
0x00007326f8471664:   00 00 00 4c 89 ff e8 b1 78 a3 ff 49 89 c5 e9 37
0x00007326f8471674:   ff ff ff 66 0f 1f 84 00 00 00 00 00 48 8b 7a 08
0x00007326f8471684:   e9 6d ff ff ff 0f 1f 80 00 00 00 00 e8 5b 48 0a
0x00007326f8471694:   00 84 c0 75 89 e9 6a ff ff ff 66 90 55 48 89 e5
0x00007326f84716a4:   41 56 41 55 41 54 49 89 fc 53 48 89 f3 66 48 8d
0x00007326f84716b4:   3d 27 5e 85 00 66 66 48 e8 df 43 8d ff 4c 8b 28
0x00007326f84716c4:   8b 05 be 72 8a 00 85 c0 75 14 ba 01 00 00 00 48
0x00007326f84716d4:   8d 0d ae 72 8a 00 f0 0f b1 11 85 c0 74 4e be c8
0x00007326f84716e4:   00 00 00 4c 89 ef e8 01 0b 41 00 48 8d 05 12 ac
0x00007326f84716f4:   85 00 49 89 d8 48 8d 0d e8 aa 53 00 ba 49 06 00
0x00007326f8471704:   00 48 8d 35 3c 35 58 00 bf 00 00 00 e0 48 8b 00
0x00007326f8471714:   c6 00 58 31 c0 e8 e2 91 c6 ff 5b 41 5c 41 5d 41
0x00007326f8471724:   5e 5d e9 55 34 26 00 0f 1f 44 00 00 48 8d 05 81
0x00007326f8471734:   a3 8b 00 48 89 df 4c 8b 30 e8 9e 43 8d ff 48 89
0x00007326f8471744:   de 48 89 c2 49 8b 06 4c 89 f7 ff 50 08 4c 89 f7
0x00007326f8471754:   e8 a7 5c 27 00 4d 85 e4 74 12 be 01 00 00 00 4c
0x00007326f8471764:   89 e7 e8 35 43 fc ff eb 82 0f 1f 00 be 01 00 00
0x00007326f8471774:   00 4c 89 ef e8 d3 fd ff ff e9 6d ff ff ff 66 66
0x00007326f8471784:   2e 0f 1f 84 00 00 00 00 00 0f 1f 00 55 48 89 e5
0x00007326f8471794:   41 57 41 56 41 55 41 54 53 48 81 ec 08 02 00 00
0x00007326f84717a4:   64 48 8b 04 25 28 00 00 00 48 89 45 c8 8b 07 83
0x00007326f84717b4:   f8 02 0f 84 11 04 00 00 4c 8b 6f 18 49 89 ff 49
0x00007326f84717c4:   89 f4 4d 85 ed 74 14 4c 89 ef e8 5d 57 22 00 41
0x00007326f84717d4:   8b 07 83 f8 02 0f 84 19 04 00 00 48 8d 1d 9a 06
0x00007326f84717e4:   8a 00 4c 8d 35 0b 3c 58 00 eb 38 90 48 85 d2 7f
0x00007326f84717f4:   0d 48 8d 05 b4 c0 85 00 48 83 38 00 7e 0e 41 8b
0x00007326f8471804:   77 2c 4c 89 f7 31 c0 e8 a0 b2 f7 ff 49 8b 7f 18 


Stack slot to memory mapping:
stack at sp + 0 slots: 0x00007326f4a46940 is pointing into the stack for thread: 0x00007326f00b1ab0
stack at sp + 1 slots: 0x00007326f00b1ab0 is a thread
stack at sp + 2 slots: 0x00007326f628a8c8 points into unknown readable memory: 0x65730018052dffff | ff ff 2d 05 18 00 73 65
stack at sp + 3 slots: 0x0000000800c417a0 is a pointer to class: 
jdk.vm.ci.services.Services {0x0000000800c417a0}
 - instance size:     2
 - klass size:        65
 - access:            public final synchronized 
 - state:             fully_initialized
 - name:              'jdk/vm/ci/services/Services'
 - super:             'java/lang/Object'
 - sub:               
 - arrays:            NULL
 - methods:           Array<T>(0x00007326f5445998)
 - method ordering:   Array<T>(0x0000000800928960)
 - default_methods:   Array<T>(0x0000000000000000)
 - local interfaces:  Array<T>(0x00000008005ce810)
 - trans. interfaces: Array<T>(0x00000008005ce810)
 - constants:         constant pool [427] {0x00007326f5444a78} for 'jdk/vm/ci/services/Services' cache=0x00007326f5446c68
 - class loader data:  loader data: 0x00007326f0027be0 of 'bootstrap'
 - source file:       'Services.java'
 - class annotations:       Array<T>(0x0000000000000000)
 - class type annotations:  Array<T>(0x0000000000000000)
 - field annotations:       Array<T>(0x0000000000000000)
 - field type annotations:  Array<T>(0x0000000000000000)
 - inner classes:     Array<T>(0x00007326f5446c38)
 - nest members:     Array<T>(0x00007326f5446c58)
 - permitted subclasses:     Array<T>(0x00000008005ce7a0)
 - java mirror:       a 'java/lang/Class'{0x00000000e02ab3a0} = 'jdk/vm/ci/services/Services'
 - vtable length      5  (start addr: 0x0000000800c41970)
 - itable length      2 (start addr: 0x0000000800c41998)
 - ---- static fields (3 words):
 - public static final 'IS_BUILDING_NATIVE_IMAGE' 'Z' @128 
 - public static final 'IS_IN_NATIVE_IMAGE' 'Z' @129 
 - private static volatile 'savedProperties' 'Ljava/util/Map;' @112 
 - static final 'JVMCI_ENABLED' 'Z' @130 
 - private static final 'servicesCache' 'Ljava/util/Map;' @116 
 - private static final 'MAX_UNICODE_IN_UTF8_LENGTH' 'I' @120 
 - private static final 'MAX_UTF8_PROPERTY_STRING_LENGTH' 'I' @124 
 - ---- non-static fields (0 words):
 - non-static oop maps: 
stack at sp + 4 slots: 0x00007326f4a46500 is pointing into the stack for thread: 0x00007326f00b1ab0
stack at sp + 5 slots: 0x00007326f843d2fe: <offset 0x000000000093e2fe> in /nix/store/gpxl5qgg8kicmcvivwmybwjlpf7wh20l-graalvm17-ce-22.3.0/lib/server/libjvm.so at 0x00007326f7aff000
stack at sp + 6 slots: 0x00007326f4a463e0 is pointing into the stack for thread: 0x00007326f00b1ab0
stack at sp + 7 slots: 0x00007326f4a46440 is pointing into the stack for thread: 0x00007326f00b1ab0


---------------  P R O C E S S  ---------------

Threads class SMR info:
_java_thread_list=0x000073265c0719d0, length=23, elements={
0x00007326f0025e80, 0x00007326f00a5d70, 0x00007326f00a71b0, 0x00007326f00ad920,
0x00007326f00aecd0, 0x00007326f00b00c0, 0x00007326f00b1ab0, 0x00007326f00b2fc0,
0x00007326f00b4020, 0x00007326f00e7ee0, 0x00007326f012f6d0, 0x00007326f02d4170,
0x00007326f031c660, 0x00007326f031f2c0, 0x0000732688032e90, 0x00007326883fc020,
0x0000732688459350, 0x00007326885e6160, 0x000073268875a120, 0x00007326f0375810,
0x00007326f040acb0, 0x00007326740187a0, 0x000073264c002290
}

Java Threads: ( => current thread )
  0x00007326f0025e80 JavaThread "main" [_thread_blocked, id=76, stack(0x00007326f791a000,0x00007326f7a1a000)]
  0x00007326f00a5d70 JavaThread "Reference Handler" daemon [_thread_blocked, id=80, stack(0x00007326f512e000,0x00007326f522e000)]
  0x00007326f00a71b0 JavaThread "Finalizer" daemon [_thread_blocked, id=81, stack(0x00007326f502e000,0x00007326f512e000)]
  0x00007326f00ad920 JavaThread "Signal Dispatcher" daemon [_thread_blocked, id=82, stack(0x00007326f4c48000,0x00007326f4d48000)]
  0x00007326f00aecd0 JavaThread "Service Thread" daemon [_thread_blocked, id=83, stack(0x00007326f4b48000,0x00007326f4c48000)]
  0x00007326f00b00c0 JavaThread "Monitor Deflation Thread" daemon [_thread_blocked, id=84, stack(0x00007326f4a48000,0x00007326f4b48000)]
=>0x00007326f00b1ab0 JavaThread "JVMCI-native CompilerThread0" daemon [_thread_in_vm, id=85, stack(0x00007326f4848000,0x00007326f4a48000)]
  0x00007326f00b2fc0 JavaThread "C1 CompilerThread0" daemon [_thread_blocked, id=89, stack(0x00007326f4648000,0x00007326f4848000)]
  0x00007326f00b4020 JavaThread "Sweeper thread" daemon [_thread_blocked, id=90, stack(0x00007326f4548000,0x00007326f4648000)]
  0x00007326f00e7ee0 JavaThread "Common-Cleaner" daemon [_thread_blocked, id=93, stack(0x00007326f4448000,0x00007326f4548000)]
  0x00007326f012f6d0 JavaThread "Notification Thread" daemon [_thread_blocked, id=124, stack(0x00007326f4348000,0x00007326f4448000)]
  0x00007326f02d4170 JavaThread "Active Thread: Equinox Container: d67f8910-bd31-43e4-948d-bc336f947819" [_thread_blocked, id=137, stack(0x00007326d73b3000,0x00007326d74b3000)]
  0x00007326f031c660 JavaThread "Framework Event Dispatcher: Equinox Container: d67f8910-bd31-43e4-948d-bc336f947819" daemon [_thread_blocked, id=138, stack(0x00007326d4f00000,0x00007326d5000000)]
  0x00007326f031f2c0 JavaThread "Start Level: Equinox Container: d67f8910-bd31-43e4-948d-bc336f947819" daemon [_thread_blocked, id=139, stack(0x00007326d4d00000,0x00007326d4e00000)]
  0x0000732688032e90 JavaThread "SCR Component Actor" daemon [_thread_blocked, id=140, stack(0x00007326d4b00000,0x00007326d4c00000)]
  0x00007326883fc020 JavaThread "Worker-JM" [_thread_blocked, id=142, stack(0x00007326d4700000,0x00007326d4800000)]
  0x0000732688459350 JavaThread "Worker-0" [_thread_blocked, id=143, stack(0x00007326d4500000,0x00007326d4600000)]
  0x00007326885e6160 JavaThread "Java indexing" daemon [_thread_blocked, id=145, stack(0x00007326d4300000,0x00007326d4400000)]
  0x000073268875a120 JavaThread "Bundle File Closer" daemon [_thread_blocked, id=146, stack(0x00007326d4100000,0x00007326d4200000)]
  0x00007326f0375810 JavaThread "pool-3-thread-1" [_thread_blocked, id=147, stack(0x000073269ed00000,0x000073269ee00000)]
  0x00007326f040acb0 JavaThread "pool-2-thread-1" [_thread_in_native, id=148, stack(0x000073269eb00000,0x000073269ec00000)]
  0x00007326740187a0 JavaThread "Worker-3" [_thread_blocked, id=150, stack(0x000073269e700000,0x000073269e800000)]
  0x000073264c002290 JavaThread "Worker-6: Java indexing... " [_thread_blocked, id=153, stack(0x000073269e100000,0x000073269e200000)]

Other Threads:
  0x00007326f00a14b0 VMThread "VM Thread" [stack: 0x00007326f5230000,0x00007326f5330000] [id=78] _threads_hazard_ptr=0x000073265c0719d0
  0x00007326f0131070 WatcherThread [stack: 0x00007326f4248000,0x00007326f4348000] [id=125]
  0x00007326f003d760 GCTaskThread "GC Thread#0" [stack: 0x00007326f74dd000,0x00007326f75dd000] [id=77]

Threads with active compile tasks:
JVMCI-native CompilerThread0   251638 7842       4       java.lang.AbstractStringBuilder::append (63 bytes)

VM state: synchronizing (normal execution)

VM Mutex/Monitor currently owned by a thread:  ([mutex/lock_event])
[0x00007326f0022fd0] Threads_lock - owner thread: 0x00007326f00a14b0
[0x00007326f0023780] Heap_lock - owner thread: 0x000073264c002290

OutOfMemory and StackOverflow Exception counts:
OutOfMemoryError java_heap_errors=4
LinkageErrors=61

Heap address: 0x00000000e0000000, size: 512 MB, Compressed Oops mode: 32-bit

CDS archive(s) mapped at: [0x0000000800000000-0x0000000800bc8000-0x0000000800bc8000), size 12353536, SharedBaseAddress: 0x0000000800000000, ArchiveRelocationMode: 0.
Compressed class space mapped at: 0x0000000800c00000-0x0000000840c00000, reserved size: 1073741824
Narrow klass base: 0x0000000800000000, Narrow klass shift: 0, Narrow klass range: 0x100000000

GC Precious Log:
 CPUs: 8 total, 1 available
 Memory: 3215M
 Large Page Support: Disabled
 NUMA Support: Disabled
 Compressed Oops: Enabled (32-bit)
 Alignments: Space 512K, Generation 512K, Heap 2M
 Heap Min Capacity: 100M
 Heap Initial Capacity: 100M
 Heap Max Capacity: 512M
 Pre-touch: Disabled
 Parallel Workers: 1

Heap:
 PSYoungGen      total 71680K, used 44543K [0x00000000f5580000, 0x00000000fe880000, 0x0000000100000000)
  eden space 44544K, 99% used [0x00000000f5580000,0x00000000f80ffff8,0x00000000f8100000)
  from space 27136K, 0% used [0x00000000fb400000,0x00000000fb400000,0x00000000fce80000)
  to   space 52224K, 0% used [0x00000000f8100000,0x00000000f8100000,0x00000000fb400000)
 ParOldGen       total 349696K, used 349696K [0x00000000e0000000, 0x00000000f5580000, 0x00000000f5580000)
  object space 349696K, 100% used [0x00000000e0000000,0x00000000f5580000,0x00000000f5580000)
 Metaspace       used 50079K, committed 51200K, reserved 1097728K
  class space    used 4858K, committed 5248K, reserved 1048576K

Card table byte_map: [0x00007326f75dd000,0x00007326f76de000] _byte_map_base: 0x00007326f6edd000

Marking Bits: (ParMarkBitMap*) 0x00007326f8d2d4c0
 Begin Bits: [0x00007326f6430000, 0x00007326f6c30000)
 End Bits:   [0x00007326f6c30000, 0x00007326f7430000)

Polling page: 0x00007326f78f7000

Metaspace:

Usage:
  Non-class:     44.16 MB used.
      Class:      4.74 MB used.
       Both:     48.91 MB used.

Virtual space:
  Non-class space:       48.00 MB reserved,      44.88 MB ( 93%) committed,  6 nodes.
      Class space:        1.00 GB reserved,       5.12 MB ( <1%) committed,  1 nodes.
             Both:        1.05 GB reserved,      50.00 MB (  5%) committed. 

Chunk freelists:
   Non-Class:  2.90 MB
       Class:  2.95 MB
        Both:  5.85 MB

MaxMetaspaceSize: unlimited
CompressedClassSpaceSize: 1.00 GB
Initial GC threshold: 21.00 MB
Current GC threshold: 83.12 MB
CDS: on
MetaspaceReclaimPolicy: balanced
 - commit_granule_bytes: 65536.
 - commit_granule_words: 8192.
 - virtual_space_node_default_size: 1048576.
 - enlarge_chunks_in_place: 1.
 - new_chunks_are_fully_committed: 0.
 - uncommit_free_chunks: 1.
 - use_allocation_guard: 0.
 - handle_deallocations: 1.


Internal statistics:

num_allocs_failed_limit: 6.
num_arena_births: 464.
num_arena_deaths: 138.
num_vsnodes_births: 7.
num_vsnodes_deaths: 0.
num_space_committed: 799.
num_space_uncommitted: 0.
num_chunks_returned_to_freelist: 193.
num_chunks_taken_from_freelist: 2525.
num_chunk_merges: 84.
num_chunk_splits: 1683.
num_chunks_enlarged: 1076.
num_purges: 2.
num_inconsistent_stats: 0.

CodeHeap 'non-profiled nmethods': size=120036Kb used=2283Kb max_used=2367Kb free=117752Kb
 bounds [0x00007326def7a000, 0x00007326df1ea000, 0x00007326e64b3000]
CodeHeap 'profiled nmethods': size=120032Kb used=12316Kb max_used=14848Kb free=107715Kb
 bounds [0x00007326d7a42000, 0x00007326d88d2000, 0x00007326def7a000]
CodeHeap 'non-nmethods': size=5692Kb used=1319Kb max_used=1339Kb free=4372Kb
 bounds [0x00007326d74b3000, 0x00007326d7723000, 0x00007326d7a42000]
 total_blobs=6798 nmethods=6155 adapters=558
 compilation: enabled
              stopped_count=0, restarted_count=0
 full_count=0

JVMCI Events (20 events):
Event: 21.634 Thread 0x00007326f00b1ab0 compacted oop handles in JVMCI runtime 0 from 111 to 102
Event: 21.637 Thread 0x00007326f00b1ab0 compacted oop handles in JVMCI runtime 0 from 143 to 135
Event: 21.838 Thread 0x00007326f00b1ab0 compacted oop handles in JVMCI runtime 0 from 244 to 209
Event: 21.838 Thread 0x00007326f00b1ab0 compacted oop handles in JVMCI runtime 0 from 212 to 196
Event: 21.906 Thread 0x00007326f00b1ab0 compacted oop handles in JVMCI runtime 0 from 206 to 195
Event: 21.906 Thread 0x00007326f00b1ab0 compacted oop handles in JVMCI runtime 0 from 196 to 193
Event: 21.908 Thread 0x00007326f00b1ab0 compacted oop handles in JVMCI runtime 0 from 198 to 196
Event: 21.916 Thread 0x00007326f00b1ab0 compacted oop handles in JVMCI runtime 0 from 199 to 197
Event: 21.918 Thread 0x00007326f00b1ab0 compacted oop handles in JVMCI runtime 0 from 199 to 197
Event: 22.918 Thread 0x00007326f00b1ab0 detaching from JVMCI runtime 0: releasing idle compiler thread (0 other threads still attached)
Event: 22.918 Thread 0x00007326f00b1ab0 shutting down HotSpotJVMCIRuntime for JVMCI runtime 0
Event: 22.918 Thread 0x00007326f00b1ab0 shut down JVMCI runtime 0
Event: 22.923 Thread 0x00007326f00b1ab0 destroyed JavaVM[1]@0x000073269fa9e340 for JVMCI runtime 0
Event: 22.923 Thread 0x00007326f00b1ab0 compacted oop handles in JVMCI runtime 0 from 197 to 197
Event: 22.923 Thread 0x00007326f00b1ab0 releasing handles for JVMCI runtime 0: oop handles=197, metadata handles={total=1024, live=555, blocks=32}
Event: 22.923 Thread 0x00007326f00b1ab0 detached from JVMCI runtime 0
Event: 231.718 Thread 0x00007326f00b1ab0 attached to JVMCI runtime 0
Event: 231.719 Thread 0x00007326f00b1ab0 created JavaVM[2]@0x000073269db9e340 for JVMCI runtime 0
Event: 232.736 Thread 0x00007326f00b1ab0 initializing JVMCI runtime 0
Event: 232.736 Thread 0x00007326f00b1ab0 done waiting for JavaVM references initialization in JVMCI runtime 0

Compilation events (20 events):
Event: 106.292 Thread 0x00007326f00b2fc0 nmethod 7832 0x00007326d7b4be10 code [0x00007326d7b4bfc0, 0x00007326d7b4c360]
Event: 117.709 Thread 0x00007326f00b2fc0 7834       3       java.text.MessageFormat::<init> (56 bytes)
Event: 120.341 Thread 0x00007326f00b2fc0 nmethod 7834 0x00007326d7c3b590 code [0x00007326d7c3b760, 0x00007326d7c3bbf0]
Event: 120.341 Thread 0x00007326f00b2fc0 7835       3       java.text.Format::format (24 bytes)
Event: 121.951 Thread 0x00007326f00b2fc0 nmethod 7835 0x00007326d7e5ce10 code [0x00007326d7e5d000, 0x00007326d7e5d580]
Event: 146.843 Thread 0x00007326f00b2fc0 7836       3       org.eclipse.jdt.ls.core.internal.handlers.ProgressReporterManager$ProgressReporter::sendProgress (78 bytes)
Event: 149.957 Thread 0x00007326f00b2fc0 nmethod 7836 0x00007326d7bf4910 code [0x00007326d7bf4b00, 0x00007326d7bf5470]
Event: 173.243 Thread 0x00007326f00b2fc0 7837 % !   3       org.eclipse.jdt.internal.core.index.DiskIndex::mergeWith @ 262 (599 bytes)
Event: 174.824 Thread 0x00007326f00b2fc0 nmethod 7837% 0x00007326d8391c90 code [0x00007326d83924e0, 0x00007326d83986e0]
Event: 185.123 Thread 0x00007326f00b2fc0 7838       3       java.util.concurrent.locks.AbstractQueuedSynchronizer$ConditionObject::signal (34 bytes)
Event: 185.636 Thread 0x00007326f00b2fc0 nmethod 7838 0x00007326d7c47c90 code [0x00007326d7c47e60, 0x00007326d7c48300]
Event: 203.625 Thread 0x00007326f00b2fc0 7840       3       java.util.LinkedList::checkElementIndex (22 bytes)
Event: 204.129 Thread 0x00007326f00b2fc0 nmethod 7840 0x00007326d8156b10 code [0x00007326d8156d60, 0x00007326d81574a0]
Event: 211.769 Thread 0x00007326f00b2fc0 7841  s    3       org.eclipse.jdt.internal.core.search.processing.JobManager::currentJob (35 bytes)
Event: 212.264 Thread 0x00007326f00b2fc0 nmethod 7841 0x00007326d815cf10 code [0x00007326d815d0e0, 0x00007326d815da30]
Event: 231.718 Thread 0x00007326f00b1ab0 7842       4       java.lang.AbstractStringBuilder::append (63 bytes)
Event: 240.366 Thread 0x00007326f00b2fc0 7844  s    3       java.io.DataOutputStream::write (16 bytes)
Event: 240.873 Thread 0x00007326f00b2fc0 nmethod 7844 0x00007326d8108090 code [0x00007326d8108240, 0x00007326d81086e0]
Event: 240.873 Thread 0x00007326f00b2fc0 7845       3       java.io.DataOutputStream::writeUTF (7 bytes)
Event: 240.873 Thread 0x00007326f00b2fc0 nmethod 7845 0x00007326d7a71a90 code [0x00007326d7a71c40, 0x00007326d7a71d80]

GC Heap History (20 events):
Event: 246.517 GC heap before
{Heap before GC invocations=508 (full 446):
 PSYoungGen      total 71680K, used 44543K [0x00000000f5580000, 0x00000000fe880000, 0x0000000100000000)
  eden space 44544K, 99% used [0x00000000f5580000,0x00000000f80fffa8,0x00000000f8100000)
  from space 27136K, 0% used [0x00000000fb400000,0x00000000fb400000,0x00000000fce80000)
  to   space 52224K, 0% used [0x00000000f8100000,0x00000000f8100000,0x00000000fb400000)
 ParOldGen       total 349696K, used 349695K [0x00000000e0000000, 0x00000000f5580000, 0x00000000f5580000)
  object space 349696K, 99% used [0x00000000e0000000,0x00000000f557fd00,0x00000000f5580000)
 Metaspace       used 50079K, committed 51200K, reserved 1097728K
  class space    used 4858K, committed 5248K, reserved 1048576K
}
Event: 247.020 GC heap after
{Heap after GC invocations=508 (full 446):
 PSYoungGen      total 96768K, used 44543K [0x00000000f5580000, 0x00000000fe880000, 0x0000000100000000)
  eden space 44544K, 99% used [0x00000000f5580000,0x00000000f80fff78,0x00000000f8100000)
  from space 52224K, 0% used [0x00000000f8100000,0x00000000f8100000,0x00000000fb400000)
  to   space 27136K, 0% used [0x00000000fb400000,0x00000000fb400000,0x00000000fce80000)
 ParOldGen       total 349696K, used 349695K [0x00000000e0000000, 0x00000000f5580000, 0x00000000f5580000)
  object space 349696K, 99% used [0x00000000e0000000,0x00000000f557fd00,0x00000000f5580000)
 Metaspace       used 50079K, committed 51200K, reserved 1097728K
  class space    used 4858K, committed 5248K, reserved 1048576K
}
Event: 247.021 GC heap before
{Heap before GC invocations=509 (full 447):
 PSYoungGen      total 96768K, used 44543K [0x00000000f5580000, 0x00000000fe880000, 0x0000000100000000)
  eden space 44544K, 99% used [0x00000000f5580000,0x00000000f80ffff8,0x00000000f8100000)
  from space 52224K, 0% used [0x00000000f8100000,0x00000000f8100000,0x00000000fb400000)
  to   space 27136K, 0% used [0x00000000fb400000,0x00000000fb400000,0x00000000fce80000)
 ParOldGen       total 349696K, used 349695K [0x00000000e0000000, 0x00000000f5580000, 0x00000000f5580000)
  object space 349696K, 99% used [0x00000000e0000000,0x00000000f557fff0,0x00000000f5580000)
 Metaspace       used 50079K, committed 51200K, reserved 1097728K
  class space    used 4858K, committed 5248K, reserved 1048576K
}
Event: 247.531 GC heap after
{Heap after GC invocations=509 (full 447):
 PSYoungGen      total 71680K, used 44543K [0x00000000f5580000, 0x00000000fe880000, 0x0000000100000000)
  eden space 44544K, 99% used [0x00000000f5580000,0x00000000f80fff68,0x00000000f8100000)
  from space 27136K, 0% used [0x00000000fb400000,0x00000000fb400000,0x00000000fce80000)
  to   space 52224K, 0% used [0x00000000f8100000,0x00000000f8100000,0x00000000fb400000)
 ParOldGen       total 349696K, used 349695K [0x00000000e0000000, 0x00000000f5580000, 0x00000000f5580000)
  object space 349696K, 99% used [0x00000000e0000000,0x00000000f557ff40,0x00000000f5580000)
 Metaspace       used 50079K, committed 51200K, reserved 1097728K
  class space    used 4858K, committed 5248K, reserved 1048576K
}
Event: 247.532 GC heap before
{Heap before GC invocations=510 (full 448):
 PSYoungGen      total 71680K, used 44543K [0x00000000f5580000, 0x00000000fe880000, 0x0000000100000000)
  eden space 44544K, 99% used [0x00000000f5580000,0x00000000f80ffff0,0x00000000f8100000)
  from space 27136K, 0% used [0x00000000fb400000,0x00000000fb400000,0x00000000fce80000)
  to   space 52224K, 0% used [0x00000000f8100000,0x00000000f8100000,0x00000000fb400000)
 ParOldGen       total 349696K, used 349695K [0x00000000e0000000, 0x00000000f5580000, 0x00000000f5580000)
  object space 349696K, 99% used [0x00000000e0000000,0x00000000f557ff40,0x00000000f5580000)
 Metaspace       used 50079K, committed 51200K, reserved 1097728K
  class space    used 4858K, committed 5248K, reserved 1048576K
}
Event: 248.042 GC heap after
{Heap after GC invocations=510 (full 448):
 PSYoungGen      total 96768K, used 44543K [0x00000000f5580000, 0x00000000fe880000, 0x0000000100000000)
  eden space 44544K, 99% used [0x00000000f5580000,0x00000000f80fffa0,0x00000000f8100000)
  from space 52224K, 0% used [0x00000000f8100000,0x00000000f8100000,0x00000000fb400000)
  to   space 27136K, 0% used [0x00000000fb400000,0x00000000fb400000,0x00000000fce80000)
 ParOldGen       total 349696K, used 349695K [0x00000000e0000000, 0x00000000f5580000, 0x00000000f5580000)
  object space 349696K, 99% used [0x00000000e0000000,0x00000000f557fee8,0x00000000f5580000)
 Metaspace       used 50079K, committed 51200K, reserved 1097728K
  class space    used 4858K, committed 5248K, reserved 1048576K
}
Event: 248.042 GC heap before
{Heap before GC invocations=511 (full 449):
 PSYoungGen      total 96768K, used 44543K [0x00000000f5580000, 0x00000000fe880000, 0x0000000100000000)
  eden space 44544K, 99% used [0x00000000f5580000,0x00000000f80ffff8,0x00000000f8100000)
  from space 52224K, 0% used [0x00000000f8100000,0x00000000f8100000,0x00000000fb400000)
  to   space 27136K, 0% used [0x00000000fb400000,0x00000000fb400000,0x00000000fce80000)
 ParOldGen       total 349696K, used 349695K [0x00000000e0000000, 0x00000000f5580000, 0x00000000f5580000)
  object space 349696K, 99% used [0x00000000e0000000,0x00000000f557fee8,0x00000000f5580000)
 Metaspace       used 50079K, committed 51200K, reserved 1097728K
  class space    used 4858K, committed 5248K, reserved 1048576K
}
Event: 248.529 GC heap after
{Heap after GC invocations=511 (full 449):
 PSYoungGen      total 71680K, used 44543K [0x00000000f5580000, 0x00000000fe880000, 0x0000000100000000)
  eden space 44544K, 99% used [0x00000000f5580000,0x00000000f80ffff8,0x00000000f8100000)
  from space 27136K, 0% used [0x00000000fb400000,0x00000000fb400000,0x00000000fce80000)
  to   space 52224K, 0% used [0x00000000f8100000,0x00000000f8100000,0x00000000fb400000)
 ParOldGen       total 349696K, used 349695K [0x00000000e0000000, 0x00000000f5580000, 0x00000000f5580000)
  object space 349696K, 99% used [0x00000000e0000000,0x00000000f557fee8,0x00000000f5580000)
 Metaspace       used 50079K, committed 51200K, reserved 1097728K
  class space    used 4858K, committed 5248K, reserved 1048576K
}
Event: 248.529 GC heap before
{Heap before GC invocations=512 (full 450):
 PSYoungGen      total 71680K, used 44543K [0x00000000f5580000, 0x00000000fe880000, 0x0000000100000000)
  eden space 44544K, 99% used [0x00000000f5580000,0x00000000f80ffff8,0x00000000f8100000)
  from space 27136K, 0% used [0x00000000fb400000,0x00000000fb400000,0x00000000fce80000)
  to   space 52224K, 0% used [0x00000000f8100000,0x00000000f8100000,0x00000000fb400000)
 ParOldGen       total 349696K, used 349695K [0x00000000e0000000, 0x00000000f5580000, 0x00000000f5580000)
  object space 349696K, 99% used [0x00000000e0000000,0x00000000f557fff8,0x00000000f5580000)
 Metaspace       used 50079K, committed 51200K, reserved 1097728K
  class space    used 4858K, committed 5248K, reserved 1048576K
}
Event: 249.028 GC heap after
{Heap after GC invocations=512 (full 450):
 PSYoungGen      total 96768K, used 44543K [0x00000000f5580000, 0x00000000fe880000, 0x0000000100000000)
  eden space 44544K, 99% used [0x00000000f5580000,0x00000000f80fffe0,0x00000000f8100000)
  from space 52224K, 0% used [0x00000000f8100000,0x00000000f8100000,0x00000000fb400000)
  to   space 27136K, 0% used [0x00000000fb400000,0x00000000fb400000,0x00000000fce80000)
 ParOldGen       total 349696K, used 349695K [0x00000000e0000000, 0x00000000f5580000, 0x00000000f5580000)
  object space 349696K, 99% used [0x00000000e0000000,0x00000000f557ffe8,0x00000000f5580000)
 Metaspace       used 50079K, committed 51200K, reserved 1097728K
  class space    used 4858K, committed 5248K, reserved 1048576K
}
Event: 249.029 GC heap before
{Heap before GC invocations=513 (full 451):
 PSYoungGen      total 96768K, used 44543K [0x00000000f5580000, 0x00000000fe880000, 0x0000000100000000)
  eden space 44544K, 99% used [0x00000000f5580000,0x00000000f80ffff8,0x00000000f8100000)
  from space 52224K, 0% used [0x00000000f8100000,0x00000000f8100000,0x00000000fb400000)
  to   space 27136K, 0% used [0x00000000fb400000,0x00000000fb400000,0x00000000fce80000)
 ParOldGen       total 349696K, used 349695K [0x00000000e0000000, 0x00000000f5580000, 0x00000000f5580000)
  object space 349696K, 99% used [0x00000000e0000000,0x00000000f557ffe8,0x00000000f5580000)
 Metaspace       used 50079K, committed 51200K, reserved 1097728K
  class space    used 4858K, committed 5248K, reserved 1048576K
}
Event: 249.533 GC heap after
{Heap after GC invocations=513 (full 451):
 PSYoungGen      total 71680K, used 44543K [0x00000000f5580000, 0x00000000fe880000, 0x0000000100000000)
  eden space 44544K, 99% used [0x00000000f5580000,0x00000000f80ffff8,0x00000000f8100000)
  from space 27136K, 0% used [0x00000000fb400000,0x00000000fb400000,0x00000000fce80000)
  to   space 52224K, 0% used [0x00000000f8100000,0x00000000f8100000,0x00000000fb400000)
 ParOldGen       total 349696K, used 349695K [0x00000000e0000000, 0x00000000f5580000, 0x00000000f5580000)
  object space 349696K, 99% used [0x00000000e0000000,0x00000000f557ffe8,0x00000000f5580000)
 Metaspace       used 50079K, committed 51200K, reserved 1097728K
  class space    used 4858K, committed 5248K, reserved 1048576K
}
Event: 249.533 GC heap before
{Heap before GC invocations=514 (full 452):
 PSYoungGen      total 71680K, used 44543K [0x00000000f5580000, 0x00000000fe880000, 0x0000000100000000)
  eden space 44544K, 99% used [0x00000000f5580000,0x00000000f80ffff8,0x00000000f8100000)
  from space 27136K, 0% used [0x00000000fb400000,0x00000000fb400000,0x00000000fce80000)
  to   space 52224K, 0% used [0x00000000f8100000,0x00000000f8100000,0x00000000fb400000)
 ParOldGen       total 349696K, used 349696K [0x00000000e0000000, 0x00000000f5580000, 0x00000000f5580000)
  object space 349696K, 100% used [0x00000000e0000000,0x00000000f5580000,0x00000000f5580000)
 Metaspace       used 50079K, committed 51200K, reserved 1097728K
  class space    used 4858K, committed 5248K, reserved 1048576K
}
Event: 250.034 GC heap after
{Heap after GC invocations=514 (full 452):
 PSYoungGen      total 96768K, used 44543K [0x00000000f5580000, 0x00000000fe880000, 0x0000000100000000)
  eden space 44544K, 99% used [0x00000000f5580000,0x00000000f80ffff8,0x00000000f8100000)
  from space 52224K, 0% used [0x00000000f8100000,0x00000000f8100000,0x00000000fb400000)
  to   space 27136K, 0% used [0x00000000fb400000,0x00000000fb400000,0x00000000fce80000)
 ParOldGen       total 349696K, used 349696K [0x00000000e0000000, 0x00000000f5580000, 0x00000000f5580000)
  object space 349696K, 100% used [0x00000000e0000000,0x00000000f5580000,0x00000000f5580000)
 Metaspace       used 50079K, committed 51200K, reserved 1097728K
  class space    used 4858K, committed 5248K, reserved 1048576K
}
Event: 250.034 GC heap before
{Heap before GC invocations=515 (full 453):
 PSYoungGen      total 96768K, used 44543K [0x00000000f5580000, 0x00000000fe880000, 0x0000000100000000)
  eden space 44544K, 99% used [0x00000000f5580000,0x00000000f80ffff8,0x00000000f8100000)
  from space 52224K, 0% used [0x00000000f8100000,0x00000000f8100000,0x00000000fb400000)
  to   space 27136K, 0% used [0x00000000fb400000,0x00000000fb400000,0x00000000fce80000)
 ParOldGen       total 349696K, used 349696K [0x00000000e0000000, 0x00000000f5580000, 0x00000000f5580000)
  object space 349696K, 100% used [0x00000000e0000000,0x00000000f5580000,0x00000000f5580000)
 Metaspace       used 50079K, committed 51200K, reserved 1097728K
  class space    used 4858K, committed 5248K, reserved 1048576K
}
Event: 250.531 GC heap after
{Heap after GC invocations=515 (full 453):
 PSYoungGen      total 71680K, used 44543K [0x00000000f5580000, 0x00000000fe880000, 0x0000000100000000)
  eden space 44544K, 99% used [0x00000000f5580000,0x00000000f80ffff8,0x00000000f8100000)
  from space 27136K, 0% used [0x00000000fb400000,0x00000000fb400000,0x00000000fce80000)
  to   space 52224K, 0% used [0x00000000f8100000,0x00000000f8100000,0x00000000fb400000)
 ParOldGen       total 349696K, used 349696K [0x00000000e0000000, 0x00000000f5580000, 0x00000000f5580000)
  object space 349696K, 100% used [0x00000000e0000000,0x00000000f5580000,0x00000000f5580000)
 Metaspace       used 50079K, committed 51200K, reserved 1097728K
  class space    used 4858K, committed 5248K, reserved 1048576K
}
Event: 250.532 GC heap before
{Heap before GC invocations=516 (full 454):
 PSYoungGen      total 71680K, used 44543K [0x00000000f5580000, 0x00000000fe880000, 0x0000000100000000)
  eden space 44544K, 99% used [0x00000000f5580000,0x00000000f80ffff8,0x00000000f8100000)
  from space 27136K, 0% used [0x00000000fb400000,0x00000000fb400000,0x00000000fce80000)
  to   space 52224K, 0% used [0x00000000f8100000,0x00000000f8100000,0x00000000fb400000)
 ParOldGen       total 349696K, used 349696K [0x00000000e0000000, 0x00000000f5580000, 0x00000000f5580000)
  object space 349696K, 100% used [0x00000000e0000000,0x00000000f5580000,0x00000000f5580000)
 Metaspace       used 50079K, committed 51200K, reserved 1097728K
  class space    used 4858K, committed 5248K, reserved 1048576K
}
Event: 251.046 GC heap after
{Heap after GC invocations=516 (full 454):
 PSYoungGen      total 96768K, used 44543K [0x00000000f5580000, 0x00000000fe880000, 0x0000000100000000)
  eden space 44544K, 99% used [0x00000000f5580000,0x00000000f80ffff8,0x00000000f8100000)
  from space 52224K, 0% used [0x00000000f8100000,0x00000000f8100000,0x00000000fb400000)
  to   space 27136K, 0% used [0x00000000fb400000,0x00000000fb400000,0x00000000fce80000)
 ParOldGen       total 349696K, used 349696K [0x00000000e0000000, 0x00000000f5580000, 0x00000000f5580000)
  object space 349696K, 100% used [0x00000000e0000000,0x00000000f5580000,0x00000000f5580000)
 Metaspace       used 50079K, committed 51200K, reserved 1097728K
  class space    used 4858K, committed 5248K, reserved 1048576K
}
Event: 251.046 GC heap before
{Heap before GC invocations=517 (full 455):
 PSYoungGen      total 96768K, used 44543K [0x00000000f5580000, 0x00000000fe880000, 0x0000000100000000)
  eden space 44544K, 99% used [0x00000000f5580000,0x00000000f80ffff8,0x00000000f8100000)
  from space 52224K, 0% used [0x00000000f8100000,0x00000000f8100000,0x00000000fb400000)
  to   space 27136K, 0% used [0x00000000fb400000,0x00000000fb400000,0x00000000fce80000)
 ParOldGen       total 349696K, used 349696K [0x00000000e0000000, 0x00000000f5580000, 0x00000000f5580000)
  object space 349696K, 100% used [0x00000000e0000000,0x00000000f5580000,0x00000000f5580000)
 Metaspace       used 50079K, committed 51200K, reserved 1097728K
  class space    used 4858K, committed 5248K, reserved 1048576K
}
Event: 251.562 GC heap after
{Heap after GC invocations=517 (full 455):
 PSYoungGen      total 71680K, used 44543K [0x00000000f5580000, 0x00000000fe880000, 0x0000000100000000)
  eden space 44544K, 99% used [0x00000000f5580000,0x00000000f80ffff8,0x00000000f8100000)
  from space 27136K, 0% used [0x00000000fb400000,0x00000000fb400000,0x00000000fce80000)
  to   space 52224K, 0% used [0x00000000f8100000,0x00000000f8100000,0x00000000fb400000)
 ParOldGen       total 349696K, used 349696K [0x00000000e0000000, 0x00000000f5580000, 0x00000000f5580000)
  object space 349696K, 100% used [0x00000000e0000000,0x00000000f5580000,0x00000000f5580000)
 Metaspace       used 50079K, committed 51200K, reserved 1097728K
  class space    used 4858K, committed 5248K, reserved 1048576K
}

Dll operation events (8 events):
Event: 0.002 Loaded shared library /nix/store/gpxl5qgg8kicmcvivwmybwjlpf7wh20l-graalvm17-ce-22.3.0/lib/libjava.so
Event: 0.011 Loaded shared library /nix/store/gpxl5qgg8kicmcvivwmybwjlpf7wh20l-graalvm17-ce-22.3.0/lib/libjsvml.so
Event: 0.309 Loaded shared library /nix/store/gpxl5qgg8kicmcvivwmybwjlpf7wh20l-graalvm17-ce-22.3.0/lib/libnio.so
Event: 0.312 Loaded shared library /nix/store/gpxl5qgg8kicmcvivwmybwjlpf7wh20l-graalvm17-ce-22.3.0/lib/libzip.so
Event: 0.314 Loaded shared library /nix/store/gpxl5qgg8kicmcvivwmybwjlpf7wh20l-graalvm17-ce-22.3.0/lib/libjvmcicompiler.so
Event: 0.524 Loaded shared library /nix/store/gpxl5qgg8kicmcvivwmybwjlpf7wh20l-graalvm17-ce-22.3.0/lib/libjimage.so
Event: 1.523 Loaded shared library /nix/store/gpxl5qgg8kicmcvivwmybwjlpf7wh20l-graalvm17-ce-22.3.0/lib/libnet.so
Event: 2.262 Loaded shared library /home/runner/DreamHouseDay1/.cache/jdt-language-server/config/org.eclipse.equinox.launcher/org.eclipse.equinox.launcher.gtk.linux.x86_64_1.2.400.v20211117-0650/eclipse_11600.so

Deoptimization events (20 events):
Event: 20.833 Thread 0x00007326885e6160 DEOPT PACKING pc=0x00007326d80a96dd sp=0x00007326d43fe530
Event: 20.833 Thread 0x00007326885e6160 DEOPT UNPACKING pc=0x00007326d7505325 sp=0x00007326d43fda20 mode 0
Event: 20.834 Thread 0x00007326885e6160 DEOPT PACKING pc=0x00007326d80a96dd sp=0x00007326d43fe530
Event: 20.834 Thread 0x00007326885e6160 DEOPT UNPACKING pc=0x00007326d7505325 sp=0x00007326d43fda20 mode 0
Event: 20.835 Thread 0x00007326885e6160 DEOPT PACKING pc=0x00007326d80a96dd sp=0x00007326d43fe530
Event: 20.835 Thread 0x00007326885e6160 DEOPT UNPACKING pc=0x00007326d7505325 sp=0x00007326d43fda20 mode 0
Event: 20.836 Thread 0x00007326885e6160 DEOPT PACKING pc=0x00007326d80a96dd sp=0x00007326d43fe530
Event: 20.836 Thread 0x00007326885e6160 DEOPT UNPACKING pc=0x00007326d7505325 sp=0x00007326d43fda20 mode 0
Event: 232.736 Thread 0x00007326885e6160 Uncommon trap: trap_request=0xffffff8f fr.pc=0x00007326df1365a8 relative=0x00000000000011e8
Event: 232.736 Thread 0x00007326885e6160 Uncommon trap: reason=constraint action=none pc=0x00007326df1365a8 method=org.eclipse.jdt.internal.core.index.DiskIndex.copyQueryResults(Lorg/eclipse/jdt/internal/compiler/util/HashtableOfObject;I)V @ 123 jvmci
Event: 232.736 Thread 0x00007326885e6160 DEOPT PACKING pc=0x00007326df1365a8 sp=0x00007326d43fe530
Event: 232.736 Thread 0x00007326885e6160 DEOPT UNPACKING pc=0x00007326d7505325 sp=0x00007326d43fda28 mode 3
Event: 234.801 Thread 0x00007326885e6160 Uncommon trap: trap_request=0xffffff8f fr.pc=0x00007326df05f294 relative=0x0000000000000274
Event: 234.801 Thread 0x00007326885e6160 Uncommon trap: reason=constraint action=none pc=0x00007326df05f294 method=org.eclipse.jdt.internal.core.index.DiskIndex$IntList.add(I)V @ 0 jvmci
Event: 234.801 Thread 0x00007326885e6160 DEOPT PACKING pc=0x00007326df05f294 sp=0x00007326d43fe500
Event: 234.801 Thread 0x00007326885e6160 DEOPT UNPACKING pc=0x00007326d7505325 sp=0x00007326d43fd9b0 mode 3
Event: 250.532 Thread 0x00007326885e6160 Uncommon trap: trap_request=0xffffff8f fr.pc=0x00007326df13658c relative=0x00000000000011cc
Event: 250.532 Thread 0x00007326885e6160 Uncommon trap: reason=constraint action=none pc=0x00007326df13658c method=org.eclipse.jdt.internal.core.index.DiskIndex.copyQueryResults(Lorg/eclipse/jdt/internal/compiler/util/HashtableOfObject;I)V @ 123 jvmci
Event: 250.532 Thread 0x00007326885e6160 DEOPT PACKING pc=0x00007326df13658c sp=0x00007326d43fe530
Event: 250.532 Thread 0x00007326885e6160 DEOPT UNPACKING pc=0x00007326d7505325 sp=0x00007326d43fda28 mode 3

Classes unloaded (20 events):
Event: 23.855 Thread 0x00007326f00a14b0 Unloading class 0x0000000800f20000 'java/lang/invoke/LambdaForm$MH+0x0000000800f20000'
Event: 23.855 Thread 0x00007326f00a14b0 Unloading class 0x0000000800d8f000 'java/lang/invoke/LambdaForm$MH+0x0000000800d8f000'
Event: 23.855 Thread 0x00007326f00a14b0 Unloading class 0x0000000800d8ec00 'java/lang/invoke/LambdaForm$MH+0x0000000800d8ec00'
Event: 23.855 Thread 0x00007326f00a14b0 Unloading class 0x0000000800d8e800 'java/lang/invoke/LambdaForm$MH+0x0000000800d8e800'
Event: 23.855 Thread 0x00007326f00a14b0 Unloading class 0x0000000800d8e400 'java/lang/invoke/LambdaForm$MH+0x0000000800d8e400'
Event: 23.855 Thread 0x00007326f00a14b0 Unloading class 0x0000000800d8e000 'jdk/internal/reflect/GeneratedConstructorAccessor3'
Event: 23.855 Thread 0x00007326f00a14b0 Unloading class 0x0000000800cb2800 'java/lang/invoke/LambdaForm$MH+0x0000000800cb2800'
Event: 23.855 Thread 0x00007326f00a14b0 Unloading class 0x0000000800cb2000 'java/lang/invoke/LambdaForm$MH+0x0000000800cb2000'
Event: 23.855 Thread 0x00007326f00a14b0 Unloading class 0x0000000800cb1c00 'java/lang/invoke/LambdaForm$MH+0x0000000800cb1c00'
Event: 23.855 Thread 0x00007326f00a14b0 Unloading class 0x0000000800cb1800 'java/lang/invoke/LambdaForm$MH+0x0000000800cb1800'
Event: 23.855 Thread 0x00007326f00a14b0 Unloading class 0x0000000800cb1000 'java/lang/invoke/LambdaForm$MH+0x0000000800cb1000'
Event: 23.855 Thread 0x00007326f00a14b0 Unloading class 0x0000000800cb0c00 'java/lang/invoke/LambdaForm$MH+0x0000000800cb0c00'
Event: 23.855 Thread 0x00007326f00a14b0 Unloading class 0x0000000800cb0800 'java/lang/invoke/LambdaForm$MH+0x0000000800cb0800'
Event: 23.855 Thread 0x00007326f00a14b0 Unloading class 0x0000000800cb0000 'java/lang/invoke/LambdaForm$MH+0x0000000800cb0000'
Event: 23.855 Thread 0x00007326f00a14b0 Unloading class 0x0000000800c85000 'jdk/internal/reflect/GeneratedMethodAccessor5'
Event: 23.855 Thread 0x00007326f00a14b0 Unloading class 0x0000000800c84c00 'jdk/internal/reflect/GeneratedMethodAccessor4'
Event: 23.855 Thread 0x00007326f00a14b0 Unloading class 0x0000000800c84800 'jdk/internal/reflect/GeneratedMethodAccessor3'
Event: 23.855 Thread 0x00007326f00a14b0 Unloading class 0x0000000800c84400 'jdk/internal/reflect/GeneratedMethodAccessor2'
Event: 23.855 Thread 0x00007326f00a14b0 Unloading class 0x0000000800c84000 'jdk/internal/reflect/GeneratedMethodAccessor1'
Event: 23.855 Thread 0x00007326f00a14b0 Unloading class 0x0000000800c01c00 'java/lang/invoke/LambdaForm$DMH+0x0000000800c01c00'

Classes redefined (0 events):
No events

Internal exceptions (20 events):
Event: 15.807 Thread 0x0000732678000ff0 Exception <a 'sun/nio/fs/UnixException'{0x00000000f7ff0f28}> (0x00000000f7ff0f28) 
thrown [src/hotspot/share/prims/jni.cpp, line 516]
Event: 15.914 Thread 0x0000732678000ff0 Exception <a 'sun/nio/fs/UnixException'{0x00000000f5e174d8}> (0x00000000f5e174d8) 
thrown [src/hotspot/share/prims/jni.cpp, line 516]
Event: 15.916 Thread 0x0000732678000ff0 Exception <a 'sun/nio/fs/UnixException'{0x00000000f5e1b270}> (0x00000000f5e1b270) 
thrown [src/hotspot/share/prims/jni.cpp, line 516]
Event: 15.920 Thread 0x0000732678000ff0 Exception <a 'sun/nio/fs/UnixException'{0x00000000f5e1f1e8}> (0x00000000f5e1f1e8) 
thrown [src/hotspot/share/prims/jni.cpp, line 516]
Event: 16.005 Thread 0x0000732678000ff0 Exception <a 'sun/nio/fs/UnixException'{0x00000000f5e22fe8}> (0x00000000f5e22fe8) 
thrown [src/hotspot/share/prims/jni.cpp, line 516]
Event: 16.106 Thread 0x0000732678000ff0 Exception <a 'java/io/FileNotFoundException'{0x00000000f5e283d0}> (0x00000000f5e283d0) 
thrown [src/hotspot/share/prims/jni.cpp, line 516]
Event: 17.625 Thread 0x00007326740010d0 Exception <a 'java/lang/NoSuchMethodError'{0x00000000f5bf4c78}: 'java.lang.Object java.lang.invoke.DirectMethodHandle$Holder.newInvokeSpecial(java.lang.Object, java.lang.Object, int, java.lang.Object, java.lang.Object)'> (0x00000000f5bf4c78) 
thrown [src/hotspot/share/interpreter/linkResolver.cpp, line 758]
Event: 17.625 Thread 0x00007326740010d0 Exception <a 'java/lang/NoSuchMethodError'{0x00000000f5bfa190}: 'java.lang.Object java.lang.invoke.DirectMethodHandle$Holder.invokeSpecial(java.lang.Object, java.lang.Object, java.lang.Object, int, java.lang.Object, java.lang.Object)'> (0x00000000f5bfa190) 
thrown [src/hotspot/share/interpreter/linkResolver.cpp, line 758]
Event: 17.707 Thread 0x00007326740010d0 Exception <a 'java/lang/NoSuchMethodError'{0x00000000f653b868}: 'java.lang.Object java.lang.invoke.DirectMethodHandle$Holder.newInvokeSpecial(java.lang.Object, java.lang.Object, java.lang.Object, int, java.lang.Object)'> (0x00000000f653b868) 
thrown [src/hotspot/share/interpreter/linkResolver.cpp, line 758]
Event: 17.707 Thread 0x00007326740010d0 Exception <a 'java/lang/NoSuchMethodError'{0x00000000f6540760}: 'java.lang.Object java.lang.invoke.DirectMethodHandle$Holder.invokeSpecial(java.lang.Object, java.lang.Object, java.lang.Object, java.lang.Object, int, java.lang.Object)'> (0x00000000f6540760) 
thrown [src/hotspot/share/interpreter/linkResolver.cpp, line 758]
Event: 17.708 Thread 0x00007326740010d0 Exception <a 'java/lang/NoSuchMethodError'{0x00000000f65450e0}: 'java.lang.Object java.lang.invoke.Invokers$Holder.linkToTargetMethod(java.lang.Object, java.lang.Object, int, java.lang.Object, java.lang.Object)'> (0x00000000f65450e0) 
thrown [src/hotspot/share/interpreter/linkResolver.cpp, line 758]
Event: 17.810 Thread 0x00007326740187a0 Exception <a 'java/lang/NoSuchMethodError'{0x00000000f77ff9c8}: 'java.lang.Object java.lang.invoke.DirectMethodHandle$Holder.invokeStatic(java.lang.Object, java.lang.Object, int, java.lang.Object)'> (0x00000000f77ff9c8) 
thrown [src/hotspot/share/interpreter/linkResolver.cpp, line 758]
Event: 17.810 Thread 0x00007326740187a0 Exception <a 'java/lang/NoSuchMethodError'{0x00000000f78df1d0}: 'java.lang.Object java.lang.invoke.DirectMethodHandle$Holder.newInvokeSpecial(java.lang.Object, java.lang.Object, int)'> (0x00000000f78df1d0) 
thrown [src/hotspot/share/interpreter/linkResolver.cpp, line 758]
Event: 232.736 Thread 0x00007326885e6160 Exception <a 'java/lang/OutOfMemoryError'{0x00000000e00d0df0}> (0x00000000e00d0df0) 
thrown [src/hotspot/share/gc/shared/memAllocator.cpp, line 138]
Event: 232.736 Thread 0x00007326885e6160 Implicit null exception at 0x00007326df13600e to 0x00007326df13658d
Event: 234.801 Thread 0x00007326885e6160 Exception <a 'java/lang/OutOfMemoryError'{0x00000000e00d0850}> (0x00000000e00d0850) 
thrown [src/hotspot/share/gc/shared/memAllocator.cpp, line 138]
Event: 234.801 Thread 0x00007326885e6160 Implicit null exception at 0x00007326df05f1ed to 0x00007326df05f279
Event: 250.531 Thread 0x00007326885e6160 Exception <a 'java/lang/OutOfMemoryError'{0x00000000e00d02b0}> (0x00000000e00d02b0) 
thrown [src/hotspot/share/gc/shared/memAllocator.cpp, line 138]
Event: 250.532 Thread 0x00007326885e6160 Implicit null exception at 0x00007326df135fd3 to 0x00007326df136571
Event: 251.562 Thread 0x00007326f00b1ab0 Exception <a 'java/lang/OutOfMemoryError'{0x00000000e00d05d0}> (0x00000000e00d05d0) 
thrown [src/hotspot/share/gc/shared/memAllocator.cpp, line 136]

VM Operations (20 events):
Event: 245.499 Executing VM operation: ParallelGCFailedAllocation
Event: 246.004 Executing VM operation: ParallelGCFailedAllocation done
Event: 246.004 Executing VM operation: ParallelGCFailedAllocation
Event: 246.517 Executing VM operation: ParallelGCFailedAllocation done
Event: 246.517 Executing VM operation: ParallelGCFailedAllocation
Event: 247.020 Executing VM operation: ParallelGCFailedAllocation done
Event: 247.021 Executing VM operation: ParallelGCFailedAllocation
Event: 247.532 Executing VM operation: ParallelGCFailedAllocation done
Event: 247.532 Executing VM operation: ParallelGCFailedAllocation
Event: 248.042 Executing VM operation: ParallelGCFailedAllocation done
Event: 248.042 Executing VM operation: ParallelGCFailedAllocation
Event: 248.529 Executing VM operation: ParallelGCFailedAllocation done
Event: 248.529 Executing VM operation: ParallelGCFailedAllocation
Event: 249.028 Executing VM operation: ParallelGCFailedAllocation done
Event: 249.029 Executing VM operation: ParallelGCFailedAllocation
Event: 249.533 Executing VM operation: ParallelGCFailedAllocation done
Event: 249.533 Executing VM operation: ParallelGCFailedAllocation
Event: 250.531 Executing VM operation: ParallelGCFailedAllocation done
Event: 250.532 Executing VM operation: ParallelGCFailedAllocation
Event: 251.562 Executing VM operation: ParallelGCFailedAllocation done

Events (20 events):
Event: 21.629 Thread 0x00007326f00b4020 flushing nmethod 0x00007326d87d7a90
Event: 21.629 Thread 0x00007326f00b4020 flushing nmethod 0x00007326d87d8390
Event: 21.629 Thread 0x00007326f00b4020 flushing nmethod 0x00007326d87d9f90
Event: 21.629 Thread 0x00007326f00b4020 flushing nmethod 0x00007326d87dad90
Event: 21.629 Thread 0x00007326f00b4020 flushing nmethod 0x00007326d87df610
Event: 21.629 Thread 0x00007326f00b4020 flushing nmethod 0x00007326d87f1e10
Event: 21.629 Thread 0x00007326f00b4020 flushing nmethod 0x00007326d8807f10
Event: 21.629 Thread 0x00007326f00b4020 flushing nmethod 0x00007326d882b090
Event: 21.629 Thread 0x00007326f00b4020 flushing nmethod 0x00007326d882b410
Event: 21.629 Thread 0x00007326f00b4020 flushing nmethod 0x00007326d882b890
Event: 21.629 Thread 0x00007326f00b4020 flushing nmethod 0x00007326d8834090
Event: 21.629 Thread 0x00007326f00b4020 flushing nmethod 0x00007326d8835590
Event: 21.629 Thread 0x00007326f00b4020 flushing nmethod 0x00007326d8846810
Event: 21.629 Thread 0x00007326f00b4020 flushing nmethod 0x00007326d8850210
Event: 21.629 Thread 0x00007326f00b4020 flushing nmethod 0x00007326d88ac990
Event: 72.251 Thread 0x00007326f01ff3d0 Thread exited: 0x00007326f01ff3d0
Event: 76.343 Thread 0x000073264c000ff0 Thread exited: 0x000073264c000ff0
Event: 78.857 Thread 0x0000732660000ff0 Thread exited: 0x0000732660000ff0
Event: 78.857 Thread 0x00007326740010d0 Thread exited: 0x00007326740010d0
Event: 78.857 Thread 0x0000732678000ff0 Thread exited: 0x0000732678000ff0


Dynamic libraries:
e0000000-f0e80000 rw-p 00000000 00:00 0 
f0e80000-fe880000 rw-p 00000000 00:00 0 
fe880000-100000000 ---p 00000000 00:00 0 
800000000-800449000 rw-p 00001000 08:10 707969865                        /nix/store/gpxl5qgg8kicmcvivwmybwjlpf7wh20l-graalvm17-ce-22.3.0/lib/server/classes.jsa
800449000-800bc8000 r--p 0044a000 08:10 707969865                        /nix/store/gpxl5qgg8kicmcvivwmybwjlpf7wh20l-graalvm17-ce-22.3.0/lib/server/classes.jsa
800bc8000-800c00000 ---p 00000000 00:00 0 
800c00000-800c10000 rw-p 00000000 00:00 0 
800c10000-800c30000 rw-p 00000000 00:00 0 
800c30000-800cb0000 rw-p 00000000 00:00 0 
800cb0000-800cf0000 rw-p 00000000 00:00 0 
800cf0000-800db0000 rw-p 00000000 00:00 0 
800db0000-800df0000 rw-p 00000000 00:00 0 
800df0000-801120000 rw-p 00000000 00:00 0 
801120000-840c00000 ---p 00000000 00:00 0 
597ce15ff000-597ce1600000 r-xp 00000000 08:10 672029940                  /nix/store/gpxl5qgg8kicmcvivwmybwjlpf7wh20l-graalvm17-ce-22.3.0/bin/.java-wrapped
597ce1601000-597ce1602000 r--p 00001000 08:10 672029940                  /nix/store/gpxl5qgg8kicmcvivwmybwjlpf7wh20l-graalvm17-ce-22.3.0/bin/.java-wrapped
597ce1602000-597ce1603000 rw-p 00002000 08:10 672029940                  /nix/store/gpxl5qgg8kicmcvivwmybwjlpf7wh20l-graalvm17-ce-22.3.0/bin/.java-wrapped
597ce1603000-597ce1604000 rw-p 00004000 08:10 672029940                  /nix/store/gpxl5qgg8kicmcvivwmybwjlpf7wh20l-graalvm17-ce-22.3.0/bin/.java-wrapped
597ce1604000-597ce1605000 rw-p 00005000 08:10 672029940                  /nix/store/gpxl5qgg8kicmcvivwmybwjlpf7wh20l-graalvm17-ce-22.3.0/bin/.java-wrapped
597ce2c96000-597ce2cde000 rw-p 00000000 00:00 0                          [heap]
732644000000-732644021000 rw-p 00000000 00:00 0 
732644021000-732648000000 ---p 00000000 00:00 0 
732648000000-732648021000 rw-p 00000000 00:00 0 
732648021000-73264c000000 ---p 00000000 00:00 0 
73264c000000-73264c021000 rw-p 00000000 00:00 0 
73264c021000-732650000000 ---p 00000000 00:00 0 
732651c00000-732652150000 rw-p 00000000 00:00 0 
732652150000-732652400000 ---p 00000000 00:00 0 
7326524b3000-73265c000000 r--s 00000000 08:10 707804677                  /nix/store/gpxl5qgg8kicmcvivwmybwjlpf7wh20l-graalvm17-ce-22.3.0/lib/modules
73265c000000-73265c5c6000 rw-p 00000000 00:00 0 
73265c5c6000-732660000000 ---p 00000000 00:00 0 
732660000000-732660036000 rw-p 00000000 00:00 0 
732660036000-732664000000 ---p 00000000 00:00 0 
732664000000-732664021000 rw-p 00000000 00:00 0 
732664021000-732668000000 ---p 00000000 00:00 0 
732668000000-73266817f000 rw-p 00000000 00:00 0 
73266817f000-73266c000000 ---p 00000000 00:00 0 
73266c000000-73266c062000 rw-p 00000000 00:00 0 
73266c062000-732670000000 ---p 00000000 00:00 0 
732670000000-732670021000 rw-p 00000000 00:00 0 
732670021000-732674000000 ---p 00000000 00:00 0 
732674000000-732674326000 rw-p 00000000 00:00 0 
732674326000-732678000000 ---p 00000000 00:00 0 
732678000000-732678053000 rw-p 00000000 00:00 0 
732678053000-73267c000000 ---p 00000000 00:00 0 
73267c000000-73267c021000 rw-p 00000000 00:00 0 
73267c021000-732680000000 ---p 00000000 00:00 0 
732680000000-7326800d2000 rw-p 00000000 00:00 0 
7326800d2000-732684000000 ---p 00000000 00:00 0 
732684c00000-7326850f0000 rw-p 00000000 00:00 0 
7326850f0000-732685190000 rw-p 00000000 00:00 0 
732685190000-732685200000 ---p 00000000 00:00 0 
732685200000-7326853f0000 rw-p 00000000 00:00 0 
7326853f0000-732685400000 rw-p 00000000 00:00 0 
732686000000-732686770000 rw-p 00000000 00:00 0 
732686770000-7326867f0000 rw-p 00000000 00:00 0 
7326867f0000-732686970000 rw-p 00000000 00:00 0 
732686970000-7326869f0000 rw-p 00000000 00:00 0 
7326869f0000-732686cf0000 rw-p 00000000 00:00 0 
732686cf0000-732686df0000 rw-p 00000000 00:00 0 
732686df0000-732686ff0000 rw-p 00000000 00:00 0 
732686ff0000-732687000000 rw-p 00000000 00:00 0 
732688000000-732688871000 rw-p 00000000 00:00 0 
732688871000-73268c000000 ---p 00000000 00:00 0 
73268c000000-73268c021000 rw-p 00000000 00:00 0 
73268c021000-732690000000 ---p 00000000 00:00 0 
732690000000-732690021000 rw-p 00000000 00:00 0 
732690021000-732694000000 ---p 00000000 00:00 0 
732694000000-732694021000 rw-p 00000000 00:00 0 
732694021000-732698000000 ---p 00000000 00:00 0 
732698000000-732698021000 rw-p 00000000 00:00 0 
732698021000-73269c000000 ---p 00000000 00:00 0 
73269c000000-73269c0f0000 rw-p 00000000 00:00 0 
73269c0f0000-73269c1f0000 rw-p 00000000 00:00 0 
73269c1f0000-73269c6f0000 rw-p 00000000 00:00 0 
73269c6f0000-73269c800000 rw-p 00000000 00:00 0 
73269c800000-73269c810000 r-xp 00000000 00:85 310                        /home/runner/DreamHouseDay1/.cache/jdt-language-server/config/org.eclipse.equinox.launcher/org.eclipse.equinox.launcher.gtk.linux.x86_64_1.2.400.v20211117-0650/eclipse_11600.so
73269c810000-73269ca0f000 ---p 00010000 00:85 310                        /home/runner/DreamHouseDay1/.cache/jdt-language-server/config/org.eclipse.equinox.launcher/org.eclipse.equinox.launcher.gtk.linux.x86_64_1.2.400.v20211117-0650/eclipse_11600.so
73269ca0f000-73269ca10000 r--p 0000f000 00:85 310                        /home/runner/DreamHouseDay1/.cache/jdt-language-server/config/org.eclipse.equinox.launcher/org.eclipse.equinox.launcher.gtk.linux.x86_64_1.2.400.v20211117-0650/eclipse_11600.so
73269ca10000-73269ca11000 rw-p 00010000 00:85 310                        /home/runner/DreamHouseDay1/.cache/jdt-language-server/config/org.eclipse.equinox.launcher/org.eclipse.equinox.launcher.gtk.linux.x86_64_1.2.400.v20211117-0650/eclipse_11600.so
73269cf00000-73269d000000 ---p 00000000 00:00 0 
73269d000000-73269d5af000 r--p 01122000 08:10 707802136                  /nix/store/gpxl5qgg8kicmcvivwmybwjlpf7wh20l-graalvm17-ce-22.3.0/lib/libjvmcicompiler.so
73269d5af000-73269d700000 r--p 00000000 00:00 0 
73269d700000-73269d73d000 rw-p 00000000 00:00 0 
73269d73d000-73269dc5d000 rw-p 0185f000 08:10 707802136                  /nix/store/gpxl5qgg8kicmcvivwmybwjlpf7wh20l-graalvm17-ce-22.3.0/lib/libjvmcicompiler.so
73269dc5d000-73269e044000 r--p 01d7f000 08:10 707802136                  /nix/store/gpxl5qgg8kicmcvivwmybwjlpf7wh20l-graalvm17-ce-22.3.0/lib/libjvmcicompiler.so
73269e100000-73269e104000 ---p 00000000 00:00 0 
73269e104000-73269e200000 rw-p 00000000 00:00 0 
73269e300000-73269e304000 ---p 00000000 00:00 0 
73269e304000-73269e400000 rw-p 00000000 00:00 0 
73269e500000-73269e504000 ---p 00000000 00:00 0 
73269e504000-73269e600000 rw-p 00000000 00:00 0 
73269e700000-73269e704000 ---p 00000000 00:00 0 
73269e704000-73269e800000 rw-p 00000000 00:00 0 
73269e900000-73269e904000 ---p 00000000 00:00 0 
73269e904000-73269ea00000 rw-p 00000000 00:00 0 
73269eb00000-73269eb04000 ---p 00000000 00:00 0 
73269eb04000-73269ec00000 rw-p 00000000 00:00 0 
73269ed00000-73269ed04000 ---p 00000000 00:00 0 
73269ed04000-73269ee00000 rw-p 00000000 00:00 0 
73269fa68000-73269ff00000 rw-p 00000000 00:00 0 
7326a0000000-7326a0021000 rw-p 00000000 00:00 0 
7326a0021000-7326a4000000 ---p 00000000 00:00 0 
7326a4000000-7326a4021000 rw-p 00000000 00:00 0 
7326a4021000-7326a8000000 ---p 00000000 00:00 0 
7326a8000000-7326a8021000 rw-p 00000000 00:00 0 
7326a8021000-7326ac000000 ---p 00000000 00:00 0 
7326ac000000-7326ac021000 rw-p 00000000 00:00 0 
7326ac021000-7326b0000000 ---p 00000000 00:00 0 
7326b0000000-7326b00c5000 rw-p 00000000 00:00 0 
7326b00c5000-7326b4000000 ---p 00000000 00:00 0 
7326b4000000-7326b4997000 rw-p 00000000 00:00 0 
7326b4997000-7326b8000000 ---p 00000000 00:00 0 
7326b8000000-7326b8021000 rw-p 00000000 00:00 0 
7326b8021000-7326bc000000 ---p 00000000 00:00 0 
7326bc000000-7326bc021000 rw-p 00000000 00:00 0 
7326bc021000-7326c0000000 ---p 00000000 00:00 0 
7326c0000000-7326c0021000 rw-p 00000000 00:00 0 
7326c0021000-7326c4000000 ---p 00000000 00:00 0 
7326c4000000-7326c4021000 rw-p 00000000 00:00 0 
7326c4021000-7326c8000000 ---p 00000000 00:00 0 
7326c8000000-7326c8021000 rw-p 00000000 00:00 0 
7326c8021000-7326cc000000 ---p 00000000 00:00 0 
7326cc000000-7326cc021000 rw-p 00000000 00:00 0 
7326cc021000-7326d0000000 ---p 00000000 00:00 0 
7326d0000000-7326d0037000 rw-p 00000000 00:00 0 
7326d0037000-7326d4000000 ---p 00000000 00:00 0 
7326d4100000-7326d4104000 ---p 00000000 00:00 0 
7326d4104000-7326d4200000 rw-p 00000000 00:00 0 
7326d4300000-7326d4304000 ---p 00000000 00:00 0 
7326d4304000-7326d4400000 rw-p 00000000 00:00 0 
7326d4400000-7326d4404000 ---p 00000000 00:00 0 
7326d4404000-7326d4500000 rw-p 00000000 00:00 0 
7326d4500000-7326d4504000 ---p 00000000 00:00 0 
7326d4504000-7326d4600000 rw-p 00000000 00:00 0 
7326d4700000-7326d4704000 ---p 00000000 00:00 0 
7326d4704000-7326d4800000 rw-p 00000000 00:00 0 
7326d4900000-7326d4904000 ---p 00000000 00:00 0 
7326d4904000-7326d4a00000 rw-p 00000000 00:00 0 
7326d4b00000-7326d4b04000 ---p 00000000 00:00 0 
7326d4b04000-7326d4c00000 rw-p 00000000 00:00 0 
7326d4d00000-7326d4d04000 ---p 00000000 00:00 0 
7326d4d04000-7326d4e00000 rw-p 00000000 00:00 0 
7326d4f00000-7326d4f04000 ---p 00000000 00:00 0 
7326d4f04000-7326d5000000 rw-p 00000000 00:00 0 
7326d5000000-7326d716a000 r-xp 00000000 08:10 707802136                  /nix/store/gpxl5qgg8kicmcvivwmybwjlpf7wh20l-graalvm17-ce-22.3.0/lib/libjvmcicompiler.so
7326d716a000-7326d7369000 ---p 0216a000 08:10 707802136                  /nix/store/gpxl5qgg8kicmcvivwmybwjlpf7wh20l-graalvm17-ce-22.3.0/lib/libjvmcicompiler.so
7326d7369000-7326d736a000 r--p 02169000 08:10 707802136                  /nix/store/gpxl5qgg8kicmcvivwmybwjlpf7wh20l-graalvm17-ce-22.3.0/lib/libjvmcicompiler.so
7326d736a000-7326d736c000 rw-p 0216a000 08:10 707802136                  /nix/store/gpxl5qgg8kicmcvivwmybwjlpf7wh20l-graalvm17-ce-22.3.0/lib/libjvmcicompiler.so
7326d736c000-7326d736d000 rw-p 00000000 00:00 0 
7326d736d000-7326d7372000 rw-p 023c3000 08:10 707802136                  /nix/store/gpxl5qgg8kicmcvivwmybwjlpf7wh20l-graalvm17-ce-22.3.0/lib/libjvmcicompiler.so
7326d73b3000-7326d73b7000 ---p 00000000 00:00 0 
7326d73b7000-7326d74b3000 rw-p 00000000 00:00 0 
7326d74b3000-7326d7723000 rwxp 00000000 00:00 0 
7326d7723000-7326d7a42000 ---p 00000000 00:00 0 
7326d7a42000-7326d88d2000 rwxp 00000000 00:00 0 
7326d88d2000-7326def7a000 ---p 00000000 00:00 0 
7326def7a000-7326df1ea000 rwxp 00000000 00:00 0 
7326df1ea000-7326e64b3000 ---p 00000000 00:00 0 
7326e64b3000-7326f0000000 r--s 00000000 08:10 707804677                  /nix/store/gpxl5qgg8kicmcvivwmybwjlpf7wh20l-graalvm17-ce-22.3.0/lib/modules
7326f0000000-7326f0410000 rw-p 00000000 00:00 0 
7326f0410000-7326f4000000 ---p 00000000 00:00 0 
7326f40de000-7326f40e2000 ---p 00000000 00:00 0 
7326f40e2000-7326f4100000 rw-p 00000000 00:00 0 
7326f4205000-7326f420c000 r-xp 00000000 08:10 707804676                  /nix/store/gpxl5qgg8kicmcvivwmybwjlpf7wh20l-graalvm17-ce-22.3.0/lib/libzip.so
7326f420c000-7326f420d000 ---p 00007000 08:10 707804676                  /nix/store/gpxl5qgg8kicmcvivwmybwjlpf7wh20l-graalvm17-ce-22.3.0/lib/libzip.so
7326f420d000-7326f420e000 r--p 00007000 08:10 707804676                  /nix/store/gpxl5qgg8kicmcvivwmybwjlpf7wh20l-graalvm17-ce-22.3.0/lib/libzip.so
7326f420e000-7326f420f000 rw-p 00008000 08:10 707804676                  /nix/store/gpxl5qgg8kicmcvivwmybwjlpf7wh20l-graalvm17-ce-22.3.0/lib/libzip.so
7326f420f000-7326f4211000 rw-p 0000b000 08:10 707804676                  /nix/store/gpxl5qgg8kicmcvivwmybwjlpf7wh20l-graalvm17-ce-22.3.0/lib/libzip.so
7326f4211000-7326f4226000 r-xp 00000000 08:10 707804666                  /nix/store/gpxl5qgg8kicmcvivwmybwjlpf7wh20l-graalvm17-ce-22.3.0/lib/libnet.so
7326f4226000-7326f4227000 ---p 00015000 08:10 707804666                  /nix/store/gpxl5qgg8kicmcvivwmybwjlpf7wh20l-graalvm17-ce-22.3.0/lib/libnet.so
7326f4227000-7326f4228000 r--p 00015000 08:10 707804666                  /nix/store/gpxl5qgg8kicmcvivwmybwjlpf7wh20l-graalvm17-ce-22.3.0/lib/libnet.so
7326f4228000-7326f4229000 rw-p 00016000 08:10 707804666                  /nix/store/gpxl5qgg8kicmcvivwmybwjlpf7wh20l-graalvm17-ce-22.3.0/lib/libnet.so
7326f4229000-7326f422c000 rw-p 0001b000 08:10 707804666                  /nix/store/gpxl5qgg8kicmcvivwmybwjlpf7wh20l-graalvm17-ce-22.3.0/lib/libnet.so
7326f422c000-7326f423f000 r-xp 00000000 08:10 707804667                  /nix/store/gpxl5qgg8kicmcvivwmybwjlpf7wh20l-graalvm17-ce-22.3.0/lib/libnio.so
7326f423f000-7326f4240000 r--p 00012000 08:10 707804667                  /nix/store/gpxl5qgg8kicmcvivwmybwjlpf7wh20l-graalvm17-ce-22.3.0/lib/libnio.so
7326f4240000-7326f4241000 rw-p 00013000 08:10 707804667                  /nix/store/gpxl5qgg8kicmcvivwmybwjlpf7wh20l-graalvm17-ce-22.3.0/lib/libnio.so
7326f4241000-7326f4246000 rw-p 00019000 08:10 707804667                  /nix/store/gpxl5qgg8kicmcvivwmybwjlpf7wh20l-graalvm17-ce-22.3.0/lib/libnio.so
7326f4246000-7326f4247000 ---p 00000000 00:00 0 
7326f4247000-7326f4348000 rw-p 00000000 00:00 0 
7326f4348000-7326f434c000 ---p 00000000 00:00 0 
7326f434c000-7326f4448000 rw-p 00000000 00:00 0 
7326f4448000-7326f444c000 ---p 00000000 00:00 0 
7326f444c000-7326f4548000 rw-p 00000000 00:00 0 
7326f4548000-7326f454c000 ---p 00000000 00:00 0 
7326f454c000-7326f4648000 rw-p 00000000 00:00 0 
7326f4648000-7326f464c000 ---p 00000000 00:00 0 
7326f464c000-7326f4848000 rw-p 00000000 00:00 0 
7326f4848000-7326f484c000 ---p 00000000 00:00 0 
7326f484c000-7326f4a48000 rw-p 00000000 00:00 0 
7326f4a48000-7326f4a4c000 ---p 00000000 00:00 0 
7326f4a4c000-7326f4b48000 rw-p 00000000 00:00 0 
7326f4b48000-7326f4b4c000 ---p 00000000 00:00 0 
7326f4b4c000-7326f4c48000 rw-p 00000000 00:00 0 
7326f4c48000-7326f4c4c000 ---p 00000000 00:00 0 
7326f4c4c000-7326f4d48000 rw-p 00000000 00:00 0 
7326f4d48000-7326f502e000 r--p 00000000 08:01 1565029                    /usr/lib/locale/locale-archive
7326f502e000-7326f5032000 ---p 00000000 00:00 0 
7326f5032000-7326f512e000 rw-p 00000000 00:00 0 
7326f512e000-7326f5132000 ---p 00000000 00:00 0 
7326f5132000-7326f522e000 rw-p 00000000 00:00 0 
7326f522e000-7326f522f000 ---p 00000000 00:00 0 
7326f522f000-7326f5330000 rw-p 00000000 00:00 0 
7326f5330000-7326f53fe000 r-xp 00000000 08:10 707802132                  /nix/store/gpxl5qgg8kicmcvivwmybwjlpf7wh20l-graalvm17-ce-22.3.0/lib/libjsvml.so
7326f53fe000-7326f53ff000 r--p 000cd000 08:10 707802132                  /nix/store/gpxl5qgg8kicmcvivwmybwjlpf7wh20l-graalvm17-ce-22.3.0/lib/libjsvml.so
7326f53ff000-7326f5400000 rw-p 000ce000 08:10 707802132                  /nix/store/gpxl5qgg8kicmcvivwmybwjlpf7wh20l-graalvm17-ce-22.3.0/lib/libjsvml.so
7326f5400000-7326f57f0000 rw-p 00000000 00:00 0 
7326f57f0000-7326f5af0000 rw-p 00000000 00:00 0 
7326f5af0000-7326f5c00000 rw-p 00000000 00:00 0 
7326f5c03000-7326f74db000 rw-p 00000000 00:00 0 
7326f74db000-7326f74dc000 ---p 00000000 00:00 0 
7326f74dc000-7326f7665000 rw-p 00000000 00:00 0 
7326f7665000-7326f76c5000 rw-p 00000000 00:00 0 
7326f76c5000-7326f76d2000 rw-p 00000000 00:00 0 
7326f76d2000-7326f76dd000 ---p 00000000 00:00 0 
7326f76dd000-7326f76e3000 rw-p 00000000 00:00 0 
7326f76e3000-7326f77c9000 ---p 00000000 00:00 0 
7326f77c9000-7326f77e7000 rw-p 00000000 00:00 0 
7326f77e7000-7326f78b4000 ---p 00000000 00:00 0 
7326f78b4000-7326f78b9000 rw-p 00000000 00:00 0 
7326f78b9000-7326f78c0000 ---p 00000000 00:00 0 
7326f78c0000-7326f78e4000 r-xp 00000000 08:10 707802124                  /nix/store/gpxl5qgg8kicmcvivwmybwjlpf7wh20l-graalvm17-ce-22.3.0/lib/libjava.so
7326f78e4000-7326f78e5000 ---p 00024000 08:10 707802124                  /nix/store/gpxl5qgg8kicmcvivwmybwjlpf7wh20l-graalvm17-ce-22.3.0/lib/libjava.so
7326f78e5000-7326f78e6000 r--p 00024000 08:10 707802124                  /nix/store/gpxl5qgg8kicmcvivwmybwjlpf7wh20l-graalvm17-ce-22.3.0/lib/libjava.so
7326f78e6000-7326f78e7000 rw-p 00025000 08:10 707802124                  /nix/store/gpxl5qgg8kicmcvivwmybwjlpf7wh20l-graalvm17-ce-22.3.0/lib/libjava.so
7326f78e7000-7326f78e8000 rw-p 00000000 00:00 0 
7326f78e8000-7326f78ef000 rw-p 0002f000 08:10 707802124                  /nix/store/gpxl5qgg8kicmcvivwmybwjlpf7wh20l-graalvm17-ce-22.3.0/lib/libjava.so
7326f78ef000-7326f78f7000 rw-s 00000000 00:286 375                       /tmp/hsperfdata_runner/69
7326f78f7000-7326f78f8000 ---p 00000000 00:00 0 
7326f78f8000-7326f78f9000 r--p 00000000 00:00 0 
7326f78f9000-7326f78fa000 rwxp 00000000 00:00 0 
7326f78fa000-7326f7915000 r-xp 00000000 08:10 707802128                  /nix/store/gpxl5qgg8kicmcvivwmybwjlpf7wh20l-graalvm17-ce-22.3.0/lib/libjimage.so
7326f7915000-7326f7916000 ---p 0001b000 08:10 707802128                  /nix/store/gpxl5qgg8kicmcvivwmybwjlpf7wh20l-graalvm17-ce-22.3.0/lib/libjimage.so
7326f7916000-7326f7918000 r--p 0001b000 08:10 707802128                  /nix/store/gpxl5qgg8kicmcvivwmybwjlpf7wh20l-graalvm17-ce-22.3.0/lib/libjimage.so
7326f7918000-7326f7919000 rw-p 0001d000 08:10 707802128                  /nix/store/gpxl5qgg8kicmcvivwmybwjlpf7wh20l-graalvm17-ce-22.3.0/lib/libjimage.so
7326f7919000-7326f791a000 rw-p 00024000 08:10 707802128                  /nix/store/gpxl5qgg8kicmcvivwmybwjlpf7wh20l-graalvm17-ce-22.3.0/lib/libjimage.so
7326f791a000-7326f791e000 ---p 00000000 00:00 0 
7326f791e000-7326f7a1a000 rw-p 00000000 00:00 0 
7326f7a1a000-7326f7a28000 r--p 00000000 08:10 600592023                  /nix/store/4nlgxhb09sdr51nc9hdm8az5b08vzkgx-glibc-2.35-163/lib/libm.so.6
7326f7a28000-7326f7a9b000 r-xp 0000e000 08:10 600592023                  /nix/store/4nlgxhb09sdr51nc9hdm8az5b08vzkgx-glibc-2.35-163/lib/libm.so.6
7326f7a9b000-7326f7af8000 r--p 00081000 08:10 600592023                  /nix/store/4nlgxhb09sdr51nc9hdm8az5b08vzkgx-glibc-2.35-163/lib/libm.so.6
7326f7af8000-7326f7af9000 r--p 000dd000 08:10 600592023                  /nix/store/4nlgxhb09sdr51nc9hdm8az5b08vzkgx-glibc-2.35-163/lib/libm.so.6
7326f7af9000-7326f7afa000 rw-p 000de000 08:10 600592023                  /nix/store/4nlgxhb09sdr51nc9hdm8az5b08vzkgx-glibc-2.35-163/lib/libm.so.6
7326f7afa000-7326f7afb000 r--p 00000000 08:10 600592042                  /nix/store/4nlgxhb09sdr51nc9hdm8az5b08vzkgx-glibc-2.35-163/lib/librt.so.1
7326f7afb000-7326f7afc000 r-xp 00001000 08:10 600592042                  /nix/store/4nlgxhb09sdr51nc9hdm8az5b08vzkgx-glibc-2.35-163/lib/librt.so.1
7326f7afc000-7326f7afd000 r--p 00002000 08:10 600592042                  /nix/store/4nlgxhb09sdr51nc9hdm8az5b08vzkgx-glibc-2.35-163/lib/librt.so.1
7326f7afd000-7326f7afe000 r--p 00002000 08:10 600592042                  /nix/store/4nlgxhb09sdr51nc9hdm8az5b08vzkgx-glibc-2.35-163/lib/librt.so.1
7326f7afe000-7326f7aff000 rw-p 00003000 08:10 600592042                  /nix/store/4nlgxhb09sdr51nc9hdm8az5b08vzkgx-glibc-2.35-163/lib/librt.so.1
7326f7aff000-7326f8c12000 r-xp 00000000 08:10 707972962                  /nix/store/gpxl5qgg8kicmcvivwmybwjlpf7wh20l-graalvm17-ce-22.3.0/lib/server/libjvm.so
7326f8c12000-7326f8c13000 ---p 01113000 08:10 707972962                  /nix/store/gpxl5qgg8kicmcvivwmybwjlpf7wh20l-graalvm17-ce-22.3.0/lib/server/libjvm.so
7326f8c13000-7326f8cc8000 r--p 01113000 08:10 707972962                  /nix/store/gpxl5qgg8kicmcvivwmybwjlpf7wh20l-graalvm17-ce-22.3.0/lib/server/libjvm.so
7326f8cc8000-7326f8cfc000 rw-p 011c8000 08:10 707972962                  /nix/store/gpxl5qgg8kicmcvivwmybwjlpf7wh20l-graalvm17-ce-22.3.0/lib/server/libjvm.so
7326f8cfc000-7326f8d58000 rw-p 00000000 00:00 0 
7326f8d58000-7326f8d80000 r--p 00000000 08:10 600592014                  /nix/store/4nlgxhb09sdr51nc9hdm8az5b08vzkgx-glibc-2.35-163/lib/libc.so.6
7326f8d80000-7326f8ef6000 r-xp 00028000 08:10 600592014                  /nix/store/4nlgxhb09sdr51nc9hdm8az5b08vzkgx-glibc-2.35-163/lib/libc.so.6
7326f8ef6000-7326f8f4e000 r--p 0019e000 08:10 600592014                  /nix/store/4nlgxhb09sdr51nc9hdm8az5b08vzkgx-glibc-2.35-163/lib/libc.so.6
7326f8f4e000-7326f8f52000 r--p 001f6000 08:10 600592014                  /nix/store/4nlgxhb09sdr51nc9hdm8az5b08vzkgx-glibc-2.35-163/lib/libc.so.6
7326f8f52000-7326f8f54000 rw-p 001fa000 08:10 600592014                  /nix/store/4nlgxhb09sdr51nc9hdm8az5b08vzkgx-glibc-2.35-163/lib/libc.so.6
7326f8f54000-7326f8f63000 rw-p 00000000 00:00 0 
7326f8f63000-7326f8f64000 r--p 00000000 08:10 600592019                  /nix/store/4nlgxhb09sdr51nc9hdm8az5b08vzkgx-glibc-2.35-163/lib/libdl.so.2
7326f8f64000-7326f8f65000 r-xp 00001000 08:10 600592019                  /nix/store/4nlgxhb09sdr51nc9hdm8az5b08vzkgx-glibc-2.35-163/lib/libdl.so.2
7326f8f65000-7326f8f66000 r--p 00002000 08:10 600592019                  /nix/store/4nlgxhb09sdr51nc9hdm8az5b08vzkgx-glibc-2.35-163/lib/libdl.so.2
7326f8f66000-7326f8f67000 r--p 00002000 08:10 600592019                  /nix/store/4nlgxhb09sdr51nc9hdm8az5b08vzkgx-glibc-2.35-163/lib/libdl.so.2
7326f8f67000-7326f8f68000 rw-p 00003000 08:10 600592019                  /nix/store/4nlgxhb09sdr51nc9hdm8az5b08vzkgx-glibc-2.35-163/lib/libdl.so.2
7326f8f68000-7326f8f69000 r--p 00000000 08:10 600592038                  /nix/store/4nlgxhb09sdr51nc9hdm8az5b08vzkgx-glibc-2.35-163/lib/libpthread.so.0
7326f8f69000-7326f8f6a000 r-xp 00001000 08:10 600592038                  /nix/store/4nlgxhb09sdr51nc9hdm8az5b08vzkgx-glibc-2.35-163/lib/libpthread.so.0
7326f8f6a000-7326f8f6b000 r--p 00002000 08:10 600592038                  /nix/store/4nlgxhb09sdr51nc9hdm8az5b08vzkgx-glibc-2.35-163/lib/libpthread.so.0
7326f8f6b000-7326f8f6c000 r--p 00002000 08:10 600592038                  /nix/store/4nlgxhb09sdr51nc9hdm8az5b08vzkgx-glibc-2.35-163/lib/libpthread.so.0
7326f8f6c000-7326f8f6d000 rw-p 00003000 08:10 600592038                  /nix/store/4nlgxhb09sdr51nc9hdm8az5b08vzkgx-glibc-2.35-163/lib/libpthread.so.0
7326f8f6d000-7326f8f7b000 r-xp 00000000 08:10 707802129                  /nix/store/gpxl5qgg8kicmcvivwmybwjlpf7wh20l-graalvm17-ce-22.3.0/lib/libjli.so
7326f8f7b000-7326f8f7c000 ---p 0000e000 08:10 707802129                  /nix/store/gpxl5qgg8kicmcvivwmybwjlpf7wh20l-graalvm17-ce-22.3.0/lib/libjli.so
7326f8f7c000-7326f8f7d000 r--p 0000e000 08:10 707802129                  /nix/store/gpxl5qgg8kicmcvivwmybwjlpf7wh20l-graalvm17-ce-22.3.0/lib/libjli.so
7326f8f7d000-7326f8f7e000 rw-p 0000f000 08:10 707802129                  /nix/store/gpxl5qgg8kicmcvivwmybwjlpf7wh20l-graalvm17-ce-22.3.0/lib/libjli.so
7326f8f7e000-7326f8f7f000 rw-p 00012000 08:10 707802129                  /nix/store/gpxl5qgg8kicmcvivwmybwjlpf7wh20l-graalvm17-ce-22.3.0/lib/libjli.so
7326f8f7f000-7326f8f82000 r--p 00000000 08:10 678822167                  /nix/store/026hln0aq1hyshaxsdvhg0kmcm6yf45r-zlib-1.2.13/lib/libz.so.1.2.13
7326f8f82000-7326f8f94000 r-xp 00003000 08:10 678822167                  /nix/store/026hln0aq1hyshaxsdvhg0kmcm6yf45r-zlib-1.2.13/lib/libz.so.1.2.13
7326f8f94000-7326f8f9b000 r--p 00015000 08:10 678822167                  /nix/store/026hln0aq1hyshaxsdvhg0kmcm6yf45r-zlib-1.2.13/lib/libz.so.1.2.13
7326f8f9b000-7326f8f9c000 r--p 0001b000 08:10 678822167                  /nix/store/026hln0aq1hyshaxsdvhg0kmcm6yf45r-zlib-1.2.13/lib/libz.so.1.2.13
7326f8f9c000-7326f8f9d000 rw-p 0001c000 08:10 678822167                  /nix/store/026hln0aq1hyshaxsdvhg0kmcm6yf45r-zlib-1.2.13/lib/libz.so.1.2.13
7326f8f9d000-7326f8f9f000 rw-p 00000000 00:00 0 
7326f8f9f000-7326f8fa1000 r--p 00000000 08:10 600592008                  /nix/store/4nlgxhb09sdr51nc9hdm8az5b08vzkgx-glibc-2.35-163/lib/ld-linux-x86-64.so.2
7326f8fa1000-7326f8fc8000 r-xp 00002000 08:10 600592008                  /nix/store/4nlgxhb09sdr51nc9hdm8az5b08vzkgx-glibc-2.35-163/lib/ld-linux-x86-64.so.2
7326f8fc8000-7326f8fd4000 r--p 00029000 08:10 600592008                  /nix/store/4nlgxhb09sdr51nc9hdm8az5b08vzkgx-glibc-2.35-163/lib/ld-linux-x86-64.so.2
7326f8fd4000-7326f8fd6000 r--p 00034000 08:10 600592008                  /nix/store/4nlgxhb09sdr51nc9hdm8az5b08vzkgx-glibc-2.35-163/lib/ld-linux-x86-64.so.2
7326f8fd6000-7326f8fd8000 rw-p 00036000 08:10 600592008                  /nix/store/4nlgxhb09sdr51nc9hdm8az5b08vzkgx-glibc-2.35-163/lib/ld-linux-x86-64.so.2
7fff8f053000-7fff8f077000 rw-p 00000000 00:00 0                          [stack]
7fff8f1a0000-7fff8f1a4000 r--p 00000000 00:00 0                          [vvar]
7fff8f1a4000-7fff8f1a6000 r-xp 00000000 00:00 0                          [vdso]
ffffffffff600000-ffffffffff601000 --xp 00000000 00:00 0                  [vsyscall]


VM Arguments:
jvm_args: -XX:ThreadPriorityPolicy=1 -XX:+UnlockExperimentalVMOptions -XX:+EnableJVMCIProduct -XX:JVMCIThreadsPerNativeLibraryRuntime=1 -XX:-UnlockExperimentalVMOptions -Declipse.application=org.eclipse.jdt.ls.core.id1 -Dosgi.bundles.defaultStartLevel=4 -Declipse.product=org.eclipse.jdt.ls.core.product -Dlog.level=ALL -Xverify:none -XX:+UseParallelGC -XX:GCTimeRatio=4 -XX:AdaptiveSizePolicyWeight=90 -Dsun.zip.disableMemoryMapping=true -Xmx512m -Xms100m 
java_command: /nix/store/q9712qvwdh22a4krw4jz2sjrz07mvjbl-jdt-language-server-1.9.0/share/java/plugins/org.eclipse.equinox.launcher_1.6.400.v20210924-0641.jar --add-modules=ALL-SYSTEM --add-opens java.base/java.util=ALL-UNNAMED --add-opens java.base/java.lang=ALL-UNNAMED -configuration /home/runner/DreamHouseDay1/.cache/jdt-language-server/config -data /home/runner/.cache/jdt-language-server/data/home/runner/DreamHouseDay1
java_class_path (initial): /nix/store/q9712qvwdh22a4krw4jz2sjrz07mvjbl-jdt-language-server-1.9.0/share/java/plugins/org.eclipse.equinox.launcher_1.6.400.v20210924-0641.jar
Launcher Type: SUN_STANDARD

[Global flags]
    uintx AdaptiveSizePolicyWeight                 = 90                                        {product} {command line}
     intx CICompilerCount                          = 2                                         {product} {ergonomic}
     bool EnableJVMCIProduct                       = true                                {JVMCI product} {jimage}
    uintx GCTimeRatio                              = 4                                         {product} {command line}
   size_t InitialHeapSize                          = 104857600                                 {product} {command line}
     uint JVMCIThreadsPerNativeLibraryRuntime      = 1                                   {JVMCI product} {jimage}
   size_t MaxHeapSize                              = 536870912                                 {product} {command line}
   size_t MaxNewSize                               = 178782208                                 {product} {ergonomic}
   size_t MinHeapDeltaBytes                        = 524288                                    {product} {ergonomic}
   size_t MinHeapSize                              = 104857600                                 {product} {command line}
   size_t NewSize                                  = 34603008                                  {product} {ergonomic}
    uintx NonNMethodCodeHeapSize                   = 5826188                                {pd product} {ergonomic}
    uintx NonProfiledCodeHeapSize                  = 122916026                              {pd product} {ergonomic}
   size_t OldSize                                  = 70254592                                  {product} {ergonomic}
    uintx ProfiledCodeHeapSize                     = 122916026                              {pd product} {ergonomic}
    uintx ReservedCodeCacheSize                    = 251658240                              {pd product} {ergonomic}
     bool SegmentedCodeCache                       = true                                      {product} {ergonomic}
   size_t SoftMaxHeapSize                          = 536870912                              {manageable} {ergonomic}
     intx ThreadPriorityPolicy                     = 1                                         {product} {jimage}
     bool UseCompressedClassPointers               = true                           {product lp64_product} {ergonomic}
     bool UseCompressedOops                        = true                           {product lp64_product} {ergonomic}
     bool UseParallelGC                            = true                                      {product} {command line}

Logging:
Log output configuration:
 #0: stdout all=warning uptime,level,tags
 #1: stderr all=off uptime,level,tags

Environment Variables:
JAVA_HOME=/nix/store/gpxl5qgg8kicmcvivwmybwjlpf7wh20l-graalvm17-ce-22.3.0
PATH=/nix/store/1d6ian3r8kdzspw8hacjhl3xkp40g1lj-binutils-wrapper-2.39/bin:/nix/store/dq0xwmsk1g0i2ayg6pb7y87na2knzylh-gcc-wrapper-11.3.0/bin:/nix/store/bap4d0lpcrhpwmpb8ayjcgkmvfj62lnq-bash-interactive-5.1-p16/bin:/nix/store/pr5n59mb4jzmfx6kanwxly0l07p861fg-patchelf-0.15.0/bin:/nix/store/1gf2flfqnpqbr1b4p4qz2f72y42bs56r-gcc-11.3.0/bin:/nix/store/57xv61c5zi8pphjbcwxxjlgc34p61ic9-glibc-2.35-163-bin/bin:/nix/store/a7gvj343m05j2s32xcnwr35v31ynlypr-coreutils-9.1/bin:/nix/store/039g378vc3pc3dvi9dzdlrd0i4q93qwf-binutils-2.39/bin:/nix/store/gpxl5qgg8kicmcvivwmybwjlpf7wh20l-graalvm17-ce-22.3.0/bin:/nix/store/6z9ag3ihc8mq2hzsw48lhbznvzny65nz-apache-maven-3.8.6/bin:/nix/store/q9712qvwdh22a4krw4jz2sjrz07mvjbl-jdt-language-server-1.9.0/bin:/nix/store/9zdrgm97n766nc0kj11x4xvvp00qlfk9-java-debug/bin:/nix/store/18y8p4mjwjy26npih04hfv48wz9czgk3-attr-2.5.1-bin/bin:/nix/store/q8s1kzhsblr2a1p2g0lh2dkcgca1im3z-libcap-2.66/bin:/nix/store/bvihhgw8bh6cqqlj0d4s8cvmm4mqmzfc-pulseaudio-16.1/bin:/nix/store/mydc6f4k2z73xlcz7ilif3v2lcaiqvza-findutils-4.9.0/bin:/nix/store/j9p3g8472iijd50vhdprx0nmk2fqn5gv-diffutils-3.8/bin:/nix/store/89zs7rms6x00xfq4dq6m7mjnhkr8a6r4-gnused-4.8/bin:/nix/store/86bp03jkmsl6f92w0yzg4s59g5mhxwmy-gnugrep-3.7/bin:/nix/store/hwcdqw4jrjnd37wxqgsd47hd0j8bnj09-gawk-5.1.1/bin:/nix/store/cfbhw8r8ags41vwqaz47r583d0p4h4a1-gnutar-1.34/bin:/nix/store/p3m1ndl1lapwrlh698bnb5lvvxh67378-gzip-1.12/bin:/nix/store/a8mhcagrsly7c7mpjrpsnaahk4aax056-bzip2-1.0.8-bin/bin:/nix/store/mblgz65m3zv9x548a3d5m96fj2pbwr09-gnumake-4.3/bin:/nix/store/dsd5gz46hdbdk2rfdimqddhq6m8m8fqs-bash-5.1-p16/bin:/nix/store/v7ljksji50mg3w61dykaa3n3y79n6nil-patch-2.7.6/bin:/nix/store/zlcnmqq14jz5x9439jf937mvayyl63da-xz-5.2.7-bin/bin:/nix/store/y6aj732zm9m87c82fpvf103a1xb22blp-file-5.43/bin:/nix/store/jinzzjp73ajyy8z1gfqh2z6wgzjiii49-pid1/bin:/nix/store/n4nap9bq2yhpxm1a2bgbyxflqipciihp-replit-runtime-path/bin:/home/runner/.nix-profile/bin:/home/runner/.local/bin:/usr/local/sbin:/usr/local/bin:/usr/sbin:/usr/bin:/sbin:/b
LD_LIBRARY_PATH=/nix/store/a4pff549sk2idnkpzk5nsfps3mdkdnvm-cups-2.4.2-lib/lib:/nix/store/72mqxxhh3cy5yifh92wh2yb8cl2hikyy-cairo-1.16.0/lib:/nix/store/2k366jrbsra97gjfxwvrhvixjfxdach5-glib-2.74.1/lib:/nix/store/2j2znigd8ak37rlwh9khz0ry3clqlw1l-gtk+3-3.24.34/lib
DISPLAY=:0
LANG=en_US.UTF-8

Signal Handlers:
   SIGSEGV: crash_handler in libjvm.so, mask=11100100010111111101111111111110, flags=SA_RESTART|SA_SIGINFO
    SIGBUS: crash_handler in libjvm.so, mask=11100100010111111101111111111110, flags=SA_RESTART|SA_SIGINFO
    SIGFPE: crash_handler in libjvm.so, mask=11100100010111111101111111111110, flags=SA_RESTART|SA_SIGINFO
   SIGPIPE: IsolateEnterStub_IgnoreSIGPIPEStartupHook_noopSignalHandler_8f19bff2f35b5f630d83b364d6b2339320d4ec70_216e8361c6bc87a8f89f58cc10d3b2fd4415bf87 in libjvmcicompiler.so, mask=00000000000000000000000000000000, flags=SA_RESTART
  *** Handler was modified!
  *** Expected: javaSignalHandler in libjvm.so, mask=11100100110111111111111111111110, flags=SA_RESTART|SA_SIGINFO
   SIGXFSZ: javaSignalHandler in libjvm.so, mask=11100100010111111101111111111110, flags=SA_RESTART|SA_SIGINFO
    SIGILL: crash_handler in libjvm.so, mask=11100100010111111101111111111110, flags=SA_RESTART|SA_SIGINFO
   SIGUSR2: SR_handler in libjvm.so, mask=00000000000000000000000000000000, flags=SA_RESTART|SA_SIGINFO
    SIGHUP: UserHandler in libjvm.so, mask=11100100010111111101111111111110, flags=SA_RESTART|SA_SIGINFO
    SIGINT: UserHandler in libjvm.so, mask=11100100010111111101111111111110, flags=SA_RESTART|SA_SIGINFO
   SIGTERM: UserHandler in libjvm.so, mask=11100100010111111101111111111110, flags=SA_RESTART|SA_SIGINFO
   SIGQUIT: UserHandler in libjvm.so, mask=11100100010111111101111111111110, flags=SA_RESTART|SA_SIGINFO
  *** Handler was modified!
  *** Expected: javaSignalHandler in libjvm.so, mask=11100100110111111111111111111110, flags=SA_RESTART|SA_SIGINFO
   SIGTRAP: crash_handler in libjvm.so, mask=11100100010111111101111111111110, flags=SA_RESTART|SA_SIGINFO


---------------  S Y S T E M  ---------------

OS:
DISTRIB_ID=Ubuntu
DISTRIB_RELEASE=20.04
DISTRIB_CODENAME=focal
DISTRIB_DESCRIPTION="Ubuntu 20.04.2 LTS"
uname: Linux 6.5.0-1022-gcp #24~22.04.1-Ubuntu SMP Tue May 28 16:34:13 UTC 2024 x86_64
OS uptime: 0 days 18:09 hours
libc: glibc 2.35 NPTL 2.35 
rlimit (soft/hard): STACK 8192k/infinity , CORE infinity/infinity , NPROC infinity/infinity , NOFILE 20971/20971 , AS infinity/infinity , CPU infinity/infinity , DATA infinity/infinity , FSIZE infinity/infinity , MEMLOCK 8192k/8192k
load average: 7.72 7.90 7.98

/proc/meminfo:
MemTotal:       65835404 kB
MemFree:        37797888 kB
MemAvailable:   54547112 kB
Buffers:         1822428 kB
Cached:         14629160 kB
SwapCached:            0 kB
Active:         15289076 kB
Inactive:       10943128 kB
Active(anon):    9757848 kB
Inactive(anon):        0 kB
Active(file):    5531228 kB
Inactive(file): 10943128 kB
Unevictable:       27648 kB
Mlocked:           27648 kB
SwapTotal:             0 kB
SwapFree:              0 kB
Zswap:                 0 kB
Zswapped:              0 kB
Dirty:              2644 kB
Writeback:             0 kB
AnonPages:       9731644 kB
Mapped:          1753896 kB
Shmem:             14940 kB
KReclaimable:    1001320 kB
Slab:            1326724 kB
SReclaimable:    1001320 kB
SUnreclaim:       325404 kB
KernelStack:       59376 kB
PageTables:       138164 kB
SecPageTables:         0 kB
NFS_Unstable:          0 kB
Bounce:                0 kB
WritebackTmp:          0 kB
CommitLimit:    32917700 kB
Committed_AS:   25052312 kB
VmallocTotal:   34359738367 kB
VmallocUsed:       82668 kB
VmallocChunk:          0 kB
Percpu:            44416 kB
HardwareCorrupted:     0 kB
AnonHugePages:    104448 kB
ShmemHugePages:        0 kB
ShmemPmdMapped:        0 kB
FileHugePages:         0 kB
FilePmdMapped:         0 kB
Unaccepted:            0 kB
HugePages_Total:       0
HugePages_Free:        0
HugePages_Rsvd:        0
HugePages_Surp:        0
Hugepagesize:       2048 kB
Hugetlb:               0 kB
DirectMap4k:      219960 kB
DirectMap2M:    21796864 kB
DirectMap1G:    47185920 kB

/sys/kernel/mm/transparent_hugepage/enabled: always [madvise] never
/sys/kernel/mm/transparent_hugepage/defrag (defrag/compaction efforts parameter): always defer defer+madvise [madvise] never

Process Memory:
Virtual Size: 4447848K (peak: 4479784K)
Resident Set Size: 807636K (peak: 845000K) (anon: 610548K, file: 197088K, shmem: 0K)
Swapped out: 0K
C-Heap outstanding allocations: 38019K, retained: 13672K
glibc malloc tunables: (default)

/proc/sys/kernel/threads-max (system-wide limit on the number of threads): 514277
/proc/sys/vm/max_map_count (maximum number of memory map areas a process may have): 65530
/proc/sys/kernel/pid_max (system-wide limit on number of process identifiers): 4194304

container (cgroup) information:
container_type: cgroupv2
cpu_cpuset_cpus: not supported
cpu_memory_nodes: not supported
active_processor_count: 1
cpu_quota: 100000
cpu_period: 100000
cpu_shares: no shares
memory_limit_in_bytes: 3292528 k
memory_and_swap_limit_in_bytes: unlimited
memory_soft_limit_in_bytes: 2097152 k
memory_usage_in_bytes: 646760 k
memory_max_usage_in_bytes: not supported
maximum number of tasks: 1020
current number of tasks: 37

KVM virtualization detected
Steal ticks since vm start: 0
Steal ticks percentage since vm start:  0.000

CPU: total 8 (initial active 1) (8 cores per cpu, 2 threads per core) family 25 model 1 stepping 0 microcode 0xffffffff, cx8, cmov, fxsr, ht, mmx, 3dnowpref, sse, sse2, sse3, ssse3, sse4a, sse4.1, sse4.2, popcnt, lzcnt, tsc, tscinvbit, avx, avx2, aes, erms, clmul, bmi1, bmi2, adx, sha, fma, vzeroupper, clflush, clflushopt, hv
CPU Model and flags from /proc/cpuinfo:
model name	: AMD EPYC 7B13
flags		: fpu vme de pse tsc msr pae mce cx8 apic sep mtrr pge mca cmov pat pse36 clflush mmx fxsr sse sse2 ht syscall nx mmxext fxsr_opt pdpe1gb rdtscp lm constant_tsc rep_good nopl nonstop_tsc cpuid extd_apicid tsc_known_freq pni pclmulqdq ssse3 fma cx16 pcid sse4_1 sse4_2 x2apic movbe popcnt aes xsave avx f16c rdrand hypervisor lahf_lm cmp_legacy cr8_legacy abm sse4a misalignsse 3dnowprefetch osvw topoext invpcid_single ssbd ibrs ibpb stibp vmmcall fsgsbase tsc_adjust bmi1 avx2 smep bmi2 erms invpcid rdseed adx smap clflushopt clwb sha_ni xsaveopt xsavec xgetbv1 clzero xsaveerptr arat npt nrip_save umip vaes vpclmulqdq rdpid fsrm

Online cpus: 0-7
Offline cpus: 
BIOS frequency limitation: <Not Available>
Frequency switch latency (ns): <Not Available>
Available cpu frequencies: <Not Available>
Current governor: <Not Available>
Core performance/turbo boost: <Not Available>

Memory: 4k page, physical 3292528k(2645760k free), swap 0k(0k free)
Page Sizes: 4k

vm_info: OpenJDK 64-Bit Server VM (17.0.5+8-jvmci-22.3-b08) for linux-amd64 JRE (17.0.5+8-jvmci-22.3-b08), built on Oct 19 2022 09:01:27 by "buildslave" with gcc 10.3.0

END.
